-- The C compiler identification is GNU 11.2.0
-- The CXX compiler identification is GNU 11.2.0
-- Detecting C compiler ABI info
-- Detecting C compiler ABI info - done
-- Check for working C compiler: /usr/bin/cc - skipped
-- Detecting C compile features
-- Detecting C compile features - done
-- Detecting CXX compiler ABI info
-- Detecting CXX compiler ABI info - done
-- Check for working CXX compiler: /usr/bin/c++ - skipped
-- Detecting CXX compile features
-- Detecting CXX compile features - done
-- Found ament_cmake: 1.3.2 (/opt/ros/humble/share/ament_cmake/cmake)
-- Found Python3: /usr/bin/python3.10 (found version "3.10.6") found components: Interpreter 
-- Found rosidl_default_generators: 1.2.0 (/opt/ros/humble/share/rosidl_default_generators/cmake)
-- Using all available rosidl_typesupport_c: rosidl_typesupport_fastrtps_c;rosidl_typesupport_introspection_c
-- Found rosidl_adapter: 3.1.3 (/opt/ros/humble/share/rosidl_adapter/cmake)
-- Using all available rosidl_typesupport_cpp: rosidl_typesupport_fastrtps_cpp;rosidl_typesupport_introspection_cpp
-- Found ament_cmake_ros: 0.10.0 (/opt/ros/humble/share/ament_cmake_ros/cmake)
-- Using all available rosidl_typesupport_c: rosidl_typesupport_fastrtps_c;rosidl_typesupport_introspection_c
-- Using all available rosidl_typesupport_cpp: rosidl_typesupport_fastrtps_cpp;rosidl_typesupport_introspection_cpp
-- Found PythonInterp: /usr/bin/python3 (found suitable version "3.10.6", minimum required is "3.6") 
-- Found python_cmake_module: 0.10.0 (/opt/ros/humble/share/python_cmake_module/cmake)
-- Found PythonLibs: /usr/lib/x86_64-linux-gnu/libpython3.10.so (found suitable version "3.10.6", minimum required is "3.5") 
-- Using PYTHON_EXECUTABLE: /usr/bin/python3
-- Using PYTHON_INCLUDE_DIRS: /usr/include/python3.10
-- Using PYTHON_LIBRARIES: /usr/lib/x86_64-linux-gnu/libpython3.10.so
-- Found PythonExtra: .so  
-- Found ament_lint_auto: 0.12.4 (/opt/ros/humble/share/ament_lint_auto/cmake)
-- Added test 'flake8' to check Python code syntax and style conventions
-- Added test 'lint_cmake' to check CMake code style
-- Added test 'pep257' to check Python code against some of the docstring style conventions in PEP 257
-- Added test 'xmllint' to check XML markup files
-- Configuring done
-- Generating done
-- Build files have been written to: /home/royce/prosjektoppgave/ros2_ws/build/drone_interfaces
[  3%] [34m[1mGenerating C code for ROS interfaces[0m
[  6%] [34m[1mGenerating C++ code for ROS interfaces[0m
[  6%] Built target ament_cmake_python_copy_drone_interfaces
running egg_info
creating drone_interfaces.egg-info
writing drone_interfaces.egg-info/PKG-INFO
writing dependency_links to drone_interfaces.egg-info/dependency_links.txt
writing top-level names to drone_interfaces.egg-info/top_level.txt
writing manifest file 'drone_interfaces.egg-info/SOURCES.txt'
reading manifest file 'drone_interfaces.egg-info/SOURCES.txt'
writing manifest file 'drone_interfaces.egg-info/SOURCES.txt'
[  6%] Built target ament_cmake_python_build_drone_interfaces_egg
[  6%] Built target drone_interfaces__cpp
[  9%] [34m[1mGenerating C++ type support for eProsima Fast-RTPS[0m
[ 12%] [34m[1mGenerating C++ type support dispatch for ROS interfaces[0m
[ 16%] [34m[1mGenerating C++ introspection for ROS interfaces[0m
[ 19%] [32mBuilding C object CMakeFiles/drone_interfaces__rosidl_generator_c.dir/rosidl_generator_c/drone_interfaces/action/detail/drone__functions.c.o[0m
[ 22%] [32m[1mLinking C shared library libdrone_interfaces__rosidl_generator_c.so[0m
[ 22%] Built target drone_interfaces__rosidl_generator_c
[ 25%] [34m[1mGenerating C introspection for ROS interfaces[0m
[ 32%] [34m[1mGenerating C type support dispatch for ROS interfaces[0m
[ 32%] [34m[1mGenerating C type support for eProsima Fast-RTPS[0m
[ 35%] [32mBuilding CXX object CMakeFiles/drone_interfaces__rosidl_typesupport_cpp.dir/rosidl_typesupport_cpp/drone_interfaces/action/drone__type_support.cpp.o[0m
[ 38%] [32mBuilding CXX object CMakeFiles/drone_interfaces__rosidl_typesupport_c.dir/rosidl_typesupport_c/drone_interfaces/action/drone__type_support.cpp.o[0m
[ 41%] [32m[1mLinking CXX shared library libdrone_interfaces__rosidl_typesupport_c.so[0m
[ 45%] [32mBuilding CXX object CMakeFiles/drone_interfaces__rosidl_typesupport_introspection_cpp.dir/rosidl_typesupport_introspection_cpp/drone_interfaces/action/detail/drone__type_support.cpp.o[0m
[ 45%] Built target drone_interfaces__rosidl_typesupport_c
[ 48%] [32mBuilding CXX object CMakeFiles/drone_interfaces__rosidl_typesupport_fastrtps_cpp.dir/rosidl_typesupport_fastrtps_cpp/drone_interfaces/action/detail/dds_fastrtps/drone__type_support.cpp.o[0m
[ 51%] [32mBuilding C object CMakeFiles/drone_interfaces__rosidl_typesupport_introspection_c.dir/rosidl_typesupport_introspection_c/drone_interfaces/action/detail/drone__type_support.c.o[0m
[ 54%] [32mBuilding CXX object CMakeFiles/drone_interfaces__rosidl_typesupport_fastrtps_c.dir/rosidl_typesupport_fastrtps_c/drone_interfaces/action/detail/drone__type_support_c.cpp.o[0m
[ 58%] [32m[1mLinking C shared library libdrone_interfaces__rosidl_typesupport_introspection_c.so[0m
[ 58%] Built target drone_interfaces__rosidl_typesupport_introspection_c
[ 61%] [32m[1mLinking CXX shared library libdrone_interfaces__rosidl_typesupport_cpp.so[0m
[ 61%] Built target drone_interfaces__rosidl_typesupport_cpp
[ 64%] [32m[1mLinking CXX shared library libdrone_interfaces__rosidl_typesupport_fastrtps_c.so[0m
[ 67%] [32m[1mLinking CXX shared library libdrone_interfaces__rosidl_typesupport_fastrtps_cpp.so[0m
[ 67%] Built target drone_interfaces__rosidl_typesupport_fastrtps_c
[ 67%] Built target drone_interfaces__rosidl_typesupport_fastrtps_cpp
[ 70%] [32m[1mLinking CXX shared library libdrone_interfaces__rosidl_typesupport_introspection_cpp.so[0m
[ 70%] Built target drone_interfaces__rosidl_typesupport_introspection_cpp
[ 70%] Built target drone_interfaces
[ 74%] [34m[1mGenerating Python code for ROS interfaces[0m
[ 74%] Built target drone_interfaces__py
[ 77%] [32mBuilding C object CMakeFiles/drone_interfaces__rosidl_generator_py.dir/rosidl_generator_py/drone_interfaces/action/_drone_s.c.o[0m
[ 80%] [32m[1mLinking C shared library rosidl_generator_py/drone_interfaces/libdrone_interfaces__rosidl_generator_py.so[0m
[ 80%] Built target drone_interfaces__rosidl_generator_py
[ 90%] [32mBuilding C object CMakeFiles/drone_interfaces__rosidl_typesupport_fastrtps_c__pyext.dir/rosidl_generator_py/drone_interfaces/_drone_interfaces_s.ep.rosidl_typesupport_fastrtps_c.c.o[0m
[ 90%] [32mBuilding C object CMakeFiles/drone_interfaces__rosidl_typesupport_introspection_c__pyext.dir/rosidl_generator_py/drone_interfaces/_drone_interfaces_s.ep.rosidl_typesupport_introspection_c.c.o[0m
[ 90%] [32mBuilding C object CMakeFiles/drone_interfaces__rosidl_typesupport_c__pyext.dir/rosidl_generator_py/drone_interfaces/_drone_interfaces_s.ep.rosidl_typesupport_c.c.o[0m
[ 93%] [32m[1mLinking C shared library rosidl_generator_py/drone_interfaces/drone_interfaces_s__rosidl_typesupport_c.cpython-310-x86_64-linux-gnu.so[0m
[ 96%] [32m[1mLinking C shared library rosidl_generator_py/drone_interfaces/drone_interfaces_s__rosidl_typesupport_introspection_c.cpython-310-x86_64-linux-gnu.so[0m
[100%] [32m[1mLinking C shared library rosidl_generator_py/drone_interfaces/drone_interfaces_s__rosidl_typesupport_fastrtps_c.cpython-310-x86_64-linux-gnu.so[0m
[100%] Built target drone_interfaces__rosidl_typesupport_introspection_c__pyext
[100%] Built target drone_interfaces__rosidl_typesupport_c__pyext
[100%] Built target drone_interfaces__rosidl_typesupport_fastrtps_c__pyext
-- Install configuration: ""
-- Installing: /home/royce/prosjektoppgave/ros2_ws/install/drone_interfaces/share/ament_index/resource_index/rosidl_interfaces/drone_interfaces
-- Installing: /home/royce/prosjektoppgave/ros2_ws/install/drone_interfaces/include/drone_interfaces/drone_interfaces
-- Installing: /home/royce/prosjektoppgave/ros2_ws/install/drone_interfaces/include/drone_interfaces/drone_interfaces/msg
-- Installing: /home/royce/prosjektoppgave/ros2_ws/install/drone_interfaces/include/drone_interfaces/drone_interfaces/msg/rosidl_generator_c__visibility_control.h
-- Installing: /home/royce/prosjektoppgave/ros2_ws/install/drone_interfaces/include/drone_interfaces/drone_interfaces/action
-- Installing: /home/royce/prosjektoppgave/ros2_ws/install/drone_interfaces/include/drone_interfaces/drone_interfaces/action/detail
-- Installing: /home/royce/prosjektoppgave/ros2_ws/install/drone_interfaces/include/drone_interfaces/drone_interfaces/action/detail/drone__functions.c
-- Installing: /home/royce/prosjektoppgave/ros2_ws/install/drone_interfaces/include/drone_interfaces/drone_interfaces/action/detail/drone__struct.h
-- Installing: /home/royce/prosjektoppgave/ros2_ws/install/drone_interfaces/include/drone_interfaces/drone_interfaces/action/detail/drone__functions.h
-- Installing: /home/royce/prosjektoppgave/ros2_ws/install/drone_interfaces/include/drone_interfaces/drone_interfaces/action/detail/drone__type_support.h
-- Installing: /home/royce/prosjektoppgave/ros2_ws/install/drone_interfaces/include/drone_interfaces/drone_interfaces/action/drone.h
-- Installing: /home/royce/prosjektoppgave/ros2_ws/install/drone_interfaces/share/drone_interfaces/environment/library_path.sh
-- Installing: /home/royce/prosjektoppgave/ros2_ws/install/drone_interfaces/share/drone_interfaces/environment/library_path.dsv
-- Installing: /home/royce/prosjektoppgave/ros2_ws/install/drone_interfaces/lib/libdrone_interfaces__rosidl_generator_c.so
-- Set runtime path of "/home/royce/prosjektoppgave/ros2_ws/install/drone_interfaces/lib/libdrone_interfaces__rosidl_generator_c.so" to ""
-- Up-to-date: /home/royce/prosjektoppgave/ros2_ws/install/drone_interfaces/include/drone_interfaces/drone_interfaces
-- Up-to-date: /home/royce/prosjektoppgave/ros2_ws/install/drone_interfaces/include/drone_interfaces/drone_interfaces/msg
-- Installing: /home/royce/prosjektoppgave/ros2_ws/install/drone_interfaces/include/drone_interfaces/drone_interfaces/msg/rosidl_typesupport_fastrtps_c__visibility_control.h
-- Up-to-date: /home/royce/prosjektoppgave/ros2_ws/install/drone_interfaces/include/drone_interfaces/drone_interfaces/action
-- Up-to-date: /home/royce/prosjektoppgave/ros2_ws/install/drone_interfaces/include/drone_interfaces/drone_interfaces/action/detail
-- Installing: /home/royce/prosjektoppgave/ros2_ws/install/drone_interfaces/include/drone_interfaces/drone_interfaces/action/detail/drone__rosidl_typesupport_fastrtps_c.h
-- Installing: /home/royce/prosjektoppgave/ros2_ws/install/drone_interfaces/lib/libdrone_interfaces__rosidl_typesupport_fastrtps_c.so
-- Set runtime path of "/home/royce/prosjektoppgave/ros2_ws/install/drone_interfaces/lib/libdrone_interfaces__rosidl_typesupport_fastrtps_c.so" to ""
-- Up-to-date: /home/royce/prosjektoppgave/ros2_ws/install/drone_interfaces/include/drone_interfaces/drone_interfaces
-- Up-to-date: /home/royce/prosjektoppgave/ros2_ws/install/drone_interfaces/include/drone_interfaces/drone_interfaces/msg
-- Installing: /home/royce/prosjektoppgave/ros2_ws/install/drone_interfaces/include/drone_interfaces/drone_interfaces/msg/rosidl_typesupport_introspection_c__visibility_control.h
-- Up-to-date: /home/royce/prosjektoppgave/ros2_ws/install/drone_interfaces/include/drone_interfaces/drone_interfaces/action
-- Up-to-date: /home/royce/prosjektoppgave/ros2_ws/install/drone_interfaces/include/drone_interfaces/drone_interfaces/action/detail
-- Installing: /home/royce/prosjektoppgave/ros2_ws/install/drone_interfaces/include/drone_interfaces/drone_interfaces/action/detail/drone__type_support.c
-- Installing: /home/royce/prosjektoppgave/ros2_ws/install/drone_interfaces/include/drone_interfaces/drone_interfaces/action/detail/drone__rosidl_typesupport_introspection_c.h
-- Installing: /home/royce/prosjektoppgave/ros2_ws/install/drone_interfaces/lib/libdrone_interfaces__rosidl_typesupport_introspection_c.so
-- Set runtime path of "/home/royce/prosjektoppgave/ros2_ws/install/drone_interfaces/lib/libdrone_interfaces__rosidl_typesupport_introspection_c.so" to ""
-- Installing: /home/royce/prosjektoppgave/ros2_ws/install/drone_interfaces/lib/libdrone_interfaces__rosidl_typesupport_c.so
-- Set runtime path of "/home/royce/prosjektoppgave/ros2_ws/install/drone_interfaces/lib/libdrone_interfaces__rosidl_typesupport_c.so" to ""
-- Up-to-date: /home/royce/prosjektoppgave/ros2_ws/install/drone_interfaces/include/drone_interfaces/drone_interfaces
-- Up-to-date: /home/royce/prosjektoppgave/ros2_ws/install/drone_interfaces/include/drone_interfaces/drone_interfaces/action
-- Up-to-date: /home/royce/prosjektoppgave/ros2_ws/install/drone_interfaces/include/drone_interfaces/drone_interfaces/action/detail
-- Installing: /home/royce/prosjektoppgave/ros2_ws/install/drone_interfaces/include/drone_interfaces/drone_interfaces/action/detail/drone__struct.hpp
-- Installing: /home/royce/prosjektoppgave/ros2_ws/install/drone_interfaces/include/drone_interfaces/drone_interfaces/action/detail/drone__traits.hpp
-- Installing: /home/royce/prosjektoppgave/ros2_ws/install/drone_interfaces/include/drone_interfaces/drone_interfaces/action/detail/drone__builder.hpp
-- Installing: /home/royce/prosjektoppgave/ros2_ws/install/drone_interfaces/include/drone_interfaces/drone_interfaces/action/drone.hpp
-- Up-to-date: /home/royce/prosjektoppgave/ros2_ws/install/drone_interfaces/include/drone_interfaces/drone_interfaces
-- Up-to-date: /home/royce/prosjektoppgave/ros2_ws/install/drone_interfaces/include/drone_interfaces/drone_interfaces/msg
-- Installing: /home/royce/prosjektoppgave/ros2_ws/install/drone_interfaces/include/drone_interfaces/drone_interfaces/msg/rosidl_typesupport_fastrtps_cpp__visibility_control.h
-- Up-to-date: /home/royce/prosjektoppgave/ros2_ws/install/drone_interfaces/include/drone_interfaces/drone_interfaces/action
-- Up-to-date: /home/royce/prosjektoppgave/ros2_ws/install/drone_interfaces/include/drone_interfaces/drone_interfaces/action/detail
-- Installing: /home/royce/prosjektoppgave/ros2_ws/install/drone_interfaces/include/drone_interfaces/drone_interfaces/action/detail/drone__rosidl_typesupport_fastrtps_cpp.hpp
-- Installing: /home/royce/prosjektoppgave/ros2_ws/install/drone_interfaces/include/drone_interfaces/drone_interfaces/action/detail/dds_fastrtps
-- Installing: /home/royce/prosjektoppgave/ros2_ws/install/drone_interfaces/lib/libdrone_interfaces__rosidl_typesupport_fastrtps_cpp.so
-- Set runtime path of "/home/royce/prosjektoppgave/ros2_ws/install/drone_interfaces/lib/libdrone_interfaces__rosidl_typesupport_fastrtps_cpp.so" to ""
-- Up-to-date: /home/royce/prosjektoppgave/ros2_ws/install/drone_interfaces/include/drone_interfaces/drone_interfaces
-- Up-to-date: /home/royce/prosjektoppgave/ros2_ws/install/drone_interfaces/include/drone_interfaces/drone_interfaces/action
-- Up-to-date: /home/royce/prosjektoppgave/ros2_ws/install/drone_interfaces/include/drone_interfaces/drone_interfaces/action/detail
-- Installing: /home/royce/prosjektoppgave/ros2_ws/install/drone_interfaces/include/drone_interfaces/drone_interfaces/action/detail/drone__rosidl_typesupport_introspection_cpp.hpp
-- Installing: /home/royce/prosjektoppgave/ros2_ws/install/drone_interfaces/include/drone_interfaces/drone_interfaces/action/detail/drone__type_support.cpp
-- Installing: /home/royce/prosjektoppgave/ros2_ws/install/drone_interfaces/lib/libdrone_interfaces__rosidl_typesupport_introspection_cpp.so
-- Set runtime path of "/home/royce/prosjektoppgave/ros2_ws/install/drone_interfaces/lib/libdrone_interfaces__rosidl_typesupport_introspection_cpp.so" to ""
-- Installing: /home/royce/prosjektoppgave/ros2_ws/install/drone_interfaces/lib/libdrone_interfaces__rosidl_typesupport_cpp.so
-- Set runtime path of "/home/royce/prosjektoppgave/ros2_ws/install/drone_interfaces/lib/libdrone_interfaces__rosidl_typesupport_cpp.so" to ""
-- Installing: /home/royce/prosjektoppgave/ros2_ws/install/drone_interfaces/share/drone_interfaces/environment/pythonpath.sh
-- Installing: /home/royce/prosjektoppgave/ros2_ws/install/drone_interfaces/share/drone_interfaces/environment/pythonpath.dsv
-- Installing: /home/royce/prosjektoppgave/ros2_ws/install/drone_interfaces/local/lib/python3.10/dist-packages/drone_interfaces-0.0.0-py3.10.egg-info
-- Installing: /home/royce/prosjektoppgave/ros2_ws/install/drone_interfaces/local/lib/python3.10/dist-packages/drone_interfaces-0.0.0-py3.10.egg-info/SOURCES.txt
-- Installing: /home/royce/prosjektoppgave/ros2_ws/install/drone_interfaces/local/lib/python3.10/dist-packages/drone_interfaces-0.0.0-py3.10.egg-info/top_level.txt
-- Installing: /home/royce/prosjektoppgave/ros2_ws/install/drone_interfaces/local/lib/python3.10/dist-packages/drone_interfaces-0.0.0-py3.10.egg-info/dependency_links.txt
-- Installing: /home/royce/prosjektoppgave/ros2_ws/install/drone_interfaces/local/lib/python3.10/dist-packages/drone_interfaces-0.0.0-py3.10.egg-info/PKG-INFO
-- Installing: /home/royce/prosjektoppgave/ros2_ws/install/drone_interfaces/local/lib/python3.10/dist-packages/drone_interfaces
-- Installing: /home/royce/prosjektoppgave/ros2_ws/install/drone_interfaces/local/lib/python3.10/dist-packages/drone_interfaces/_drone_interfaces_s.ep.rosidl_typesupport_c.c
-- Installing: /home/royce/prosjektoppgave/ros2_ws/install/drone_interfaces/local/lib/python3.10/dist-packages/drone_interfaces/_drone_interfaces_s.ep.rosidl_typesupport_fastrtps_c.c
-- Installing: /home/royce/prosjektoppgave/ros2_ws/install/drone_interfaces/local/lib/python3.10/dist-packages/drone_interfaces/drone_interfaces_s__rosidl_typesupport_fastrtps_c.cpython-310-x86_64-linux-gnu.so
-- Installing: /home/royce/prosjektoppgave/ros2_ws/install/drone_interfaces/local/lib/python3.10/dist-packages/drone_interfaces/drone_interfaces_s__rosidl_typesupport_introspection_c.cpython-310-x86_64-linux-gnu.so
-- Installing: /home/royce/prosjektoppgave/ros2_ws/install/drone_interfaces/local/lib/python3.10/dist-packages/drone_interfaces/__init__.py
-- Installing: /home/royce/prosjektoppgave/ros2_ws/install/drone_interfaces/local/lib/python3.10/dist-packages/drone_interfaces/action
-- Installing: /home/royce/prosjektoppgave/ros2_ws/install/drone_interfaces/local/lib/python3.10/dist-packages/drone_interfaces/action/_drone.py
-- Installing: /home/royce/prosjektoppgave/ros2_ws/install/drone_interfaces/local/lib/python3.10/dist-packages/drone_interfaces/action/__init__.py
-- Installing: /home/royce/prosjektoppgave/ros2_ws/install/drone_interfaces/local/lib/python3.10/dist-packages/drone_interfaces/action/_drone_s.c
-- Installing: /home/royce/prosjektoppgave/ros2_ws/install/drone_interfaces/local/lib/python3.10/dist-packages/drone_interfaces/drone_interfaces_s__rosidl_typesupport_c.cpython-310-x86_64-linux-gnu.so
-- Installing: /home/royce/prosjektoppgave/ros2_ws/install/drone_interfaces/local/lib/python3.10/dist-packages/drone_interfaces/libdrone_interfaces__rosidl_generator_py.so
-- Installing: /home/royce/prosjektoppgave/ros2_ws/install/drone_interfaces/local/lib/python3.10/dist-packages/drone_interfaces/_drone_interfaces_s.ep.rosidl_typesupport_introspection_c.c
Listing '/home/royce/prosjektoppgave/ros2_ws/install/drone_interfaces/local/lib/python3.10/dist-packages/drone_interfaces'...
Compiling '/home/royce/prosjektoppgave/ros2_ws/install/drone_interfaces/local/lib/python3.10/dist-packages/drone_interfaces/__init__.py'...
Listing '/home/royce/prosjektoppgave/ros2_ws/install/drone_interfaces/local/lib/python3.10/dist-packages/drone_interfaces/action'...
Compiling '/home/royce/prosjektoppgave/ros2_ws/install/drone_interfaces/local/lib/python3.10/dist-packages/drone_interfaces/action/__init__.py'...
Compiling '/home/royce/prosjektoppgave/ros2_ws/install/drone_interfaces/local/lib/python3.10/dist-packages/drone_interfaces/action/_drone.py'...
-- Installing: /home/royce/prosjektoppgave/ros2_ws/install/drone_interfaces/local/lib/python3.10/dist-packages/drone_interfaces/drone_interfaces_s__rosidl_typesupport_fastrtps_c.cpython-310-x86_64-linux-gnu.so
-- Set runtime path of "/home/royce/prosjektoppgave/ros2_ws/install/drone_interfaces/local/lib/python3.10/dist-packages/drone_interfaces/drone_interfaces_s__rosidl_typesupport_fastrtps_c.cpython-310-x86_64-linux-gnu.so" to ""
-- Installing: /home/royce/prosjektoppgave/ros2_ws/install/drone_interfaces/local/lib/python3.10/dist-packages/drone_interfaces/drone_interfaces_s__rosidl_typesupport_introspection_c.cpython-310-x86_64-linux-gnu.so
-- Set runtime path of "/home/royce/prosjektoppgave/ros2_ws/install/drone_interfaces/local/lib/python3.10/dist-packages/drone_interfaces/drone_interfaces_s__rosidl_typesupport_introspection_c.cpython-310-x86_64-linux-gnu.so" to ""
-- Installing: /home/royce/prosjektoppgave/ros2_ws/install/drone_interfaces/local/lib/python3.10/dist-packages/drone_interfaces/drone_interfaces_s__rosidl_typesupport_c.cpython-310-x86_64-linux-gnu.so
-- Set runtime path of "/home/royce/prosjektoppgave/ros2_ws/install/drone_interfaces/local/lib/python3.10/dist-packages/drone_interfaces/drone_interfaces_s__rosidl_typesupport_c.cpython-310-x86_64-linux-gnu.so" to ""
-- Installing: /home/royce/prosjektoppgave/ros2_ws/install/drone_interfaces/lib/libdrone_interfaces__rosidl_generator_py.so
-- Set runtime path of "/home/royce/prosjektoppgave/ros2_ws/install/drone_interfaces/lib/libdrone_interfaces__rosidl_generator_py.so" to ""
-- Installing: /home/royce/prosjektoppgave/ros2_ws/install/drone_interfaces/share/drone_interfaces/action/Drone.idl
-- Installing: /home/royce/prosjektoppgave/ros2_ws/install/drone_interfaces/share/drone_interfaces/action/Drone.action
-- Installing: /home/royce/prosjektoppgave/ros2_ws/install/drone_interfaces/share/ament_index/resource_index/package_run_dependencies/drone_interfaces
-- Installing: /home/royce/prosjektoppgave/ros2_ws/install/drone_interfaces/share/ament_index/resource_index/parent_prefix_path/drone_interfaces
-- Installing: /home/royce/prosjektoppgave/ros2_ws/install/drone_interfaces/share/drone_interfaces/environment/ament_prefix_path.sh
-- Installing: /home/royce/prosjektoppgave/ros2_ws/install/drone_interfaces/share/drone_interfaces/environment/ament_prefix_path.dsv
-- Installing: /home/royce/prosjektoppgave/ros2_ws/install/drone_interfaces/share/drone_interfaces/environment/path.sh
-- Installing: /home/royce/prosjektoppgave/ros2_ws/install/drone_interfaces/share/drone_interfaces/environment/path.dsv
-- Installing: /home/royce/prosjektoppgave/ros2_ws/install/drone_interfaces/share/drone_interfaces/local_setup.bash
-- Installing: /home/royce/prosjektoppgave/ros2_ws/install/drone_interfaces/share/drone_interfaces/local_setup.sh
-- Installing: /home/royce/prosjektoppgave/ros2_ws/install/drone_interfaces/share/drone_interfaces/local_setup.zsh
-- Installing: /home/royce/prosjektoppgave/ros2_ws/install/drone_interfaces/share/drone_interfaces/local_setup.dsv
-- Installing: /home/royce/prosjektoppgave/ros2_ws/install/drone_interfaces/share/drone_interfaces/package.dsv
-- Installing: /home/royce/prosjektoppgave/ros2_ws/install/drone_interfaces/share/ament_index/resource_index/packages/drone_interfaces
-- Installing: /home/royce/prosjektoppgave/ros2_ws/install/drone_interfaces/share/drone_interfaces/cmake/export_drone_interfaces__rosidl_generator_cExport.cmake
-- Installing: /home/royce/prosjektoppgave/ros2_ws/install/drone_interfaces/share/drone_interfaces/cmake/export_drone_interfaces__rosidl_generator_cExport-noconfig.cmake
-- Installing: /home/royce/prosjektoppgave/ros2_ws/install/drone_interfaces/share/drone_interfaces/cmake/export_drone_interfaces__rosidl_typesupport_fastrtps_cExport.cmake
-- Installing: /home/royce/prosjektoppgave/ros2_ws/install/drone_interfaces/share/drone_interfaces/cmake/export_drone_interfaces__rosidl_typesupport_fastrtps_cExport-noconfig.cmake
-- Installing: /home/royce/prosjektoppgave/ros2_ws/install/drone_interfaces/share/drone_interfaces/cmake/drone_interfaces__rosidl_typesupport_introspection_cExport.cmake
-- Installing: /home/royce/prosjektoppgave/ros2_ws/install/drone_interfaces/share/drone_interfaces/cmake/drone_interfaces__rosidl_typesupport_introspection_cExport-noconfig.cmake
-- Installing: /home/royce/prosjektoppgave/ros2_ws/install/drone_interfaces/share/drone_interfaces/cmake/drone_interfaces__rosidl_typesupport_cExport.cmake
-- Installing: /home/royce/prosjektoppgave/ros2_ws/install/drone_interfaces/share/drone_interfaces/cmake/drone_interfaces__rosidl_typesupport_cExport-noconfig.cmake
-- Installing: /home/royce/prosjektoppgave/ros2_ws/install/drone_interfaces/share/drone_interfaces/cmake/export_drone_interfaces__rosidl_generator_cppExport.cmake
-- Installing: /home/royce/prosjektoppgave/ros2_ws/install/drone_interfaces/share/drone_interfaces/cmake/export_drone_interfaces__rosidl_typesupport_fastrtps_cppExport.cmake
-- Installing: /home/royce/prosjektoppgave/ros2_ws/install/drone_interfaces/share/drone_interfaces/cmake/export_drone_interfaces__rosidl_typesupport_fastrtps_cppExport-noconfig.cmake
-- Installing: /home/royce/prosjektoppgave/ros2_ws/install/drone_interfaces/share/drone_interfaces/cmake/drone_interfaces__rosidl_typesupport_introspection_cppExport.cmake
-- Installing: /home/royce/prosjektoppgave/ros2_ws/install/drone_interfaces/share/drone_interfaces/cmake/drone_interfaces__rosidl_typesupport_introspection_cppExport-noconfig.cmake
-- Installing: /home/royce/prosjektoppgave/ros2_ws/install/drone_interfaces/share/drone_interfaces/cmake/drone_interfaces__rosidl_typesupport_cppExport.cmake
-- Installing: /home/royce/prosjektoppgave/ros2_ws/install/drone_interfaces/share/drone_interfaces/cmake/drone_interfaces__rosidl_typesupport_cppExport-noconfig.cmake
-- Installing: /home/royce/prosjektoppgave/ros2_ws/install/drone_interfaces/share/drone_interfaces/cmake/export_drone_interfaces__rosidl_generator_pyExport.cmake
-- Installing: /home/royce/prosjektoppgave/ros2_ws/install/drone_interfaces/share/drone_interfaces/cmake/export_drone_interfaces__rosidl_generator_pyExport-noconfig.cmake
-- Installing: /home/royce/prosjektoppgave/ros2_ws/install/drone_interfaces/share/drone_interfaces/cmake/rosidl_cmake-extras.cmake
-- Installing: /home/royce/prosjektoppgave/ros2_ws/install/drone_interfaces/share/drone_interfaces/cmake/ament_cmake_export_dependencies-extras.cmake
-- Installing: /home/royce/prosjektoppgave/ros2_ws/install/drone_interfaces/share/drone_interfaces/cmake/ament_cmake_export_include_directories-extras.cmake
-- Installing: /home/royce/prosjektoppgave/ros2_ws/install/drone_interfaces/share/drone_interfaces/cmake/ament_cmake_export_libraries-extras.cmake
-- Installing: /home/royce/prosjektoppgave/ros2_ws/install/drone_interfaces/share/drone_interfaces/cmake/ament_cmake_export_targets-extras.cmake
-- Installing: /home/royce/prosjektoppgave/ros2_ws/install/drone_interfaces/share/drone_interfaces/cmake/rosidl_cmake_export_typesupport_targets-extras.cmake
-- Installing: /home/royce/prosjektoppgave/ros2_ws/install/drone_interfaces/share/drone_interfaces/cmake/rosidl_cmake_export_typesupport_libraries-extras.cmake
-- Installing: /home/royce/prosjektoppgave/ros2_ws/install/drone_interfaces/share/drone_interfaces/cmake/drone_interfacesConfig.cmake
-- Installing: /home/royce/prosjektoppgave/ros2_ws/install/drone_interfaces/share/drone_interfaces/cmake/drone_interfacesConfig-version.cmake
-- Installing: /home/royce/prosjektoppgave/ros2_ws/install/drone_interfaces/share/drone_interfaces/package.xml
