[0.011s] Invoking command in '/home/royce/prosjektoppgave/ros2_ws/build/drone_interfaces': CMAKE_PREFIX_PATH=/opt/ros/humble /usr/bin/cmake /home/royce/prosjektoppgave/ros2_ws/src/drone_interfaces -DCMAKE_INSTALL_PREFIX=/home/royce/prosjektoppgave/ros2_ws/install/drone_interfaces
[0.063s] -- The C compiler identification is GNU 11.2.0
[0.114s] -- The CXX compiler identification is GNU 11.2.0
[0.122s] -- Detecting C compiler ABI info
[0.178s] -- Detecting C compiler ABI info - done
[0.185s] -- Check for working C compiler: /usr/bin/cc - skipped
[0.186s] -- Detecting C compile features
[0.186s] -- Detecting C compile features - done
[0.189s] -- Detecting CXX compiler ABI info
[0.262s] -- Detecting CXX compiler ABI info - done
[0.270s] -- Check for working CXX compiler: /usr/bin/c++ - skipped
[0.270s] -- Detecting CXX compile features
[0.270s] -- Detecting CXX compile features - done
[0.272s] -- Found ament_cmake: 1.3.2 (/opt/ros/humble/share/ament_cmake/cmake)
[0.442s] -- Found Python3: /usr/bin/python3.10 (found version "3.10.6") found components: Interpreter 
[0.540s] -- Found rosidl_default_generators: 1.2.0 (/opt/ros/humble/share/rosidl_default_generators/cmake)
[0.543s] -- Using all available rosidl_typesupport_c: rosidl_typesupport_fastrtps_c;rosidl_typesupport_introspection_c
[0.548s] -- Found rosidl_adapter: 3.1.3 (/opt/ros/humble/share/rosidl_adapter/cmake)
[0.586s] -- Using all available rosidl_typesupport_cpp: rosidl_typesupport_fastrtps_cpp;rosidl_typesupport_introspection_cpp
[0.946s] -- Found ament_cmake_ros: 0.10.0 (/opt/ros/humble/share/ament_cmake_ros/cmake)
[1.142s] -- Using all available rosidl_typesupport_c: rosidl_typesupport_fastrtps_c;rosidl_typesupport_introspection_c
[1.379s] -- Using all available rosidl_typesupport_cpp: rosidl_typesupport_fastrtps_cpp;rosidl_typesupport_introspection_cpp
[1.399s] -- Found PythonInterp: /usr/bin/python3 (found suitable version "3.10.6", minimum required is "3.6") 
[1.400s] -- Found python_cmake_module: 0.10.0 (/opt/ros/humble/share/python_cmake_module/cmake)
[1.431s] -- Found PythonLibs: /usr/lib/x86_64-linux-gnu/libpython3.10.so (found suitable version "3.10.6", minimum required is "3.5") 
[1.431s] -- Using PYTHON_EXECUTABLE: /usr/bin/python3
[1.431s] -- Using PYTHON_INCLUDE_DIRS: /usr/include/python3.10
[1.431s] -- Using PYTHON_LIBRARIES: /usr/lib/x86_64-linux-gnu/libpython3.10.so
[1.449s] -- Found PythonExtra: .so  
[1.485s] -- Found ament_lint_auto: 0.12.4 (/opt/ros/humble/share/ament_lint_auto/cmake)
[1.500s] -- Added test 'flake8' to check Python code syntax and style conventions
[1.500s] -- Added test 'lint_cmake' to check CMake code style
[1.501s] -- Added test 'pep257' to check Python code against some of the docstring style conventions in PEP 257
[1.502s] -- Added test 'xmllint' to check XML markup files
[1.504s] -- Configuring done
[1.540s] -- Generating done
[1.542s] -- Build files have been written to: /home/royce/prosjektoppgave/ros2_ws/build/drone_interfaces
[1.550s] Invoked command in '/home/royce/prosjektoppgave/ros2_ws/build/drone_interfaces' returned '0': CMAKE_PREFIX_PATH=/opt/ros/humble /usr/bin/cmake /home/royce/prosjektoppgave/ros2_ws/src/drone_interfaces -DCMAKE_INSTALL_PREFIX=/home/royce/prosjektoppgave/ros2_ws/install/drone_interfaces
[1.552s] Invoking command in '/home/royce/prosjektoppgave/ros2_ws/build/drone_interfaces': CMAKE_PREFIX_PATH=/opt/ros/humble /usr/bin/cmake --build /home/royce/prosjektoppgave/ros2_ws/build/drone_interfaces -- -j8 -l8
[1.583s] [  3%] [34m[1mGenerating C code for ROS interfaces[0m
[1.590s] [  6%] [34m[1mGenerating C++ code for ROS interfaces[0m
[1.597s] [  6%] Built target ament_cmake_python_copy_drone_interfaces
[1.848s] running egg_info
[1.849s] creating drone_interfaces.egg-info
[1.849s] writing drone_interfaces.egg-info/PKG-INFO
[1.849s] writing dependency_links to drone_interfaces.egg-info/dependency_links.txt
[1.849s] writing top-level names to drone_interfaces.egg-info/top_level.txt
[1.850s] writing manifest file 'drone_interfaces.egg-info/SOURCES.txt'
[1.853s] reading manifest file 'drone_interfaces.egg-info/SOURCES.txt'
[1.853s] writing manifest file 'drone_interfaces.egg-info/SOURCES.txt'
[1.886s] [  6%] Built target ament_cmake_python_build_drone_interfaces_egg
[2.070s] [  6%] Built target drone_interfaces__cpp
[2.079s] [  9%] [34m[1mGenerating C++ type support for eProsima Fast-RTPS[0m
[2.079s] [ 12%] [34m[1mGenerating C++ type support dispatch for ROS interfaces[0m
[2.080s] [ 16%] [34m[1mGenerating C++ introspection for ROS interfaces[0m
[2.084s] [ 19%] [32mBuilding C object CMakeFiles/drone_interfaces__rosidl_generator_c.dir/rosidl_generator_c/drone_interfaces/action/detail/drone__functions.c.o[0m
[2.220s] [ 22%] [32m[1mLinking C shared library libdrone_interfaces__rosidl_generator_c.so[0m
[2.254s] [ 22%] Built target drone_interfaces__rosidl_generator_c
[2.263s] [ 25%] [34m[1mGenerating C introspection for ROS interfaces[0m
[2.265s] [ 32%] [34m[1mGenerating C type support dispatch for ROS interfaces[0m
[2.265s] [ 32%] [34m[1mGenerating C type support for eProsima Fast-RTPS[0m
[2.514s] [ 35%] [32mBuilding CXX object CMakeFiles/drone_interfaces__rosidl_typesupport_cpp.dir/rosidl_typesupport_cpp/drone_interfaces/action/drone__type_support.cpp.o[0m
[2.597s] [ 38%] [32mBuilding CXX object CMakeFiles/drone_interfaces__rosidl_typesupport_c.dir/rosidl_typesupport_c/drone_interfaces/action/drone__type_support.cpp.o[0m
[2.666s] [ 41%] [32m[1mLinking CXX shared library libdrone_interfaces__rosidl_typesupport_c.so[0m
[2.673s] [ 45%] [32mBuilding CXX object CMakeFiles/drone_interfaces__rosidl_typesupport_introspection_cpp.dir/rosidl_typesupport_introspection_cpp/drone_interfaces/action/detail/drone__type_support.cpp.o[0m
[2.730s] [ 45%] Built target drone_interfaces__rosidl_typesupport_c
[2.746s] [ 48%] [32mBuilding CXX object CMakeFiles/drone_interfaces__rosidl_typesupport_fastrtps_cpp.dir/rosidl_typesupport_fastrtps_cpp/drone_interfaces/action/detail/dds_fastrtps/drone__type_support.cpp.o[0m
[2.922s] [ 51%] [32mBuilding C object CMakeFiles/drone_interfaces__rosidl_typesupport_introspection_c.dir/rosidl_typesupport_introspection_c/drone_interfaces/action/detail/drone__type_support.c.o[0m
[2.945s] [ 54%] [32mBuilding CXX object CMakeFiles/drone_interfaces__rosidl_typesupport_fastrtps_c.dir/rosidl_typesupport_fastrtps_c/drone_interfaces/action/detail/drone__type_support_c.cpp.o[0m
[3.003s] [ 58%] [32m[1mLinking C shared library libdrone_interfaces__rosidl_typesupport_introspection_c.so[0m
[3.050s] [ 58%] Built target drone_interfaces__rosidl_typesupport_introspection_c
[3.145s] [ 61%] [32m[1mLinking CXX shared library libdrone_interfaces__rosidl_typesupport_cpp.so[0m
[3.196s] [ 61%] Built target drone_interfaces__rosidl_typesupport_cpp
[3.356s] [ 64%] [32m[1mLinking CXX shared library libdrone_interfaces__rosidl_typesupport_fastrtps_c.so[0m
[3.446s] [ 67%] [32m[1mLinking CXX shared library libdrone_interfaces__rosidl_typesupport_fastrtps_cpp.so[0m
[3.449s] [ 67%] Built target drone_interfaces__rosidl_typesupport_fastrtps_c
[3.534s] [ 67%] Built target drone_interfaces__rosidl_typesupport_fastrtps_cpp
[3.549s] [ 70%] [32m[1mLinking CXX shared library libdrone_interfaces__rosidl_typesupport_introspection_cpp.so[0m
[3.636s] [ 70%] Built target drone_interfaces__rosidl_typesupport_introspection_cpp
[3.653s] [ 70%] Built target drone_interfaces
[3.669s] [ 74%] [34m[1mGenerating Python code for ROS interfaces[0m
[4.413s] [ 74%] Built target drone_interfaces__py
[4.436s] [ 77%] [32mBuilding C object CMakeFiles/drone_interfaces__rosidl_generator_py.dir/rosidl_generator_py/drone_interfaces/action/_drone_s.c.o[0m
[4.576s] [ 80%] [32m[1mLinking C shared library rosidl_generator_py/drone_interfaces/libdrone_interfaces__rosidl_generator_py.so[0m
[4.610s] [ 80%] Built target drone_interfaces__rosidl_generator_py
[4.628s] [ 90%] [32mBuilding C object CMakeFiles/drone_interfaces__rosidl_typesupport_fastrtps_c__pyext.dir/rosidl_generator_py/drone_interfaces/_drone_interfaces_s.ep.rosidl_typesupport_fastrtps_c.c.o[0m
[4.628s] [ 90%] [32mBuilding C object CMakeFiles/drone_interfaces__rosidl_typesupport_introspection_c__pyext.dir/rosidl_generator_py/drone_interfaces/_drone_interfaces_s.ep.rosidl_typesupport_introspection_c.c.o[0m
[4.629s] [ 90%] [32mBuilding C object CMakeFiles/drone_interfaces__rosidl_typesupport_c__pyext.dir/rosidl_generator_py/drone_interfaces/_drone_interfaces_s.ep.rosidl_typesupport_c.c.o[0m
[4.742s] [ 93%] [32m[1mLinking C shared library rosidl_generator_py/drone_interfaces/drone_interfaces_s__rosidl_typesupport_c.cpython-310-x86_64-linux-gnu.so[0m
[4.743s] [ 96%] [32m[1mLinking C shared library rosidl_generator_py/drone_interfaces/drone_interfaces_s__rosidl_typesupport_introspection_c.cpython-310-x86_64-linux-gnu.so[0m
[4.745s] [100%] [32m[1mLinking C shared library rosidl_generator_py/drone_interfaces/drone_interfaces_s__rosidl_typesupport_fastrtps_c.cpython-310-x86_64-linux-gnu.so[0m
[4.777s] [100%] Built target drone_interfaces__rosidl_typesupport_introspection_c__pyext
[4.777s] [100%] Built target drone_interfaces__rosidl_typesupport_c__pyext
[4.778s] [100%] Built target drone_interfaces__rosidl_typesupport_fastrtps_c__pyext
[4.786s] Invoked command in '/home/royce/prosjektoppgave/ros2_ws/build/drone_interfaces' returned '0': CMAKE_PREFIX_PATH=/opt/ros/humble /usr/bin/cmake --build /home/royce/prosjektoppgave/ros2_ws/build/drone_interfaces -- -j8 -l8
[4.840s] Invoking command in '/home/royce/prosjektoppgave/ros2_ws/build/drone_interfaces': CMAKE_PREFIX_PATH=/opt/ros/humble /usr/bin/cmake --install /home/royce/prosjektoppgave/ros2_ws/build/drone_interfaces
[4.846s] -- Install configuration: ""
[4.847s] -- Installing: /home/royce/prosjektoppgave/ros2_ws/install/drone_interfaces/share/ament_index/resource_index/rosidl_interfaces/drone_interfaces
[4.847s] -- Installing: /home/royce/prosjektoppgave/ros2_ws/install/drone_interfaces/include/drone_interfaces/drone_interfaces
[4.847s] -- Installing: /home/royce/prosjektoppgave/ros2_ws/install/drone_interfaces/include/drone_interfaces/drone_interfaces/msg
[4.847s] -- Installing: /home/royce/prosjektoppgave/ros2_ws/install/drone_interfaces/include/drone_interfaces/drone_interfaces/msg/rosidl_generator_c__visibility_control.h
[4.847s] -- Installing: /home/royce/prosjektoppgave/ros2_ws/install/drone_interfaces/include/drone_interfaces/drone_interfaces/action
[4.847s] -- Installing: /home/royce/prosjektoppgave/ros2_ws/install/drone_interfaces/include/drone_interfaces/drone_interfaces/action/detail
[4.847s] -- Installing: /home/royce/prosjektoppgave/ros2_ws/install/drone_interfaces/include/drone_interfaces/drone_interfaces/action/detail/drone__functions.c
[4.848s] -- Installing: /home/royce/prosjektoppgave/ros2_ws/install/drone_interfaces/include/drone_interfaces/drone_interfaces/action/detail/drone__struct.h
[4.848s] -- Installing: /home/royce/prosjektoppgave/ros2_ws/install/drone_interfaces/include/drone_interfaces/drone_interfaces/action/detail/drone__functions.h
[4.848s] -- Installing: /home/royce/prosjektoppgave/ros2_ws/install/drone_interfaces/include/drone_interfaces/drone_interfaces/action/detail/drone__type_support.h
[4.848s] -- Installing: /home/royce/prosjektoppgave/ros2_ws/install/drone_interfaces/include/drone_interfaces/drone_interfaces/action/drone.h
[4.848s] -- Installing: /home/royce/prosjektoppgave/ros2_ws/install/drone_interfaces/share/drone_interfaces/environment/library_path.sh
[4.849s] -- Installing: /home/royce/prosjektoppgave/ros2_ws/install/drone_interfaces/share/drone_interfaces/environment/library_path.dsv
[4.849s] -- Installing: /home/royce/prosjektoppgave/ros2_ws/install/drone_interfaces/lib/libdrone_interfaces__rosidl_generator_c.so
[4.849s] -- Set runtime path of "/home/royce/prosjektoppgave/ros2_ws/install/drone_interfaces/lib/libdrone_interfaces__rosidl_generator_c.so" to ""
[4.849s] -- Up-to-date: /home/royce/prosjektoppgave/ros2_ws/install/drone_interfaces/include/drone_interfaces/drone_interfaces
[4.849s] -- Up-to-date: /home/royce/prosjektoppgave/ros2_ws/install/drone_interfaces/include/drone_interfaces/drone_interfaces/msg
[4.850s] -- Installing: /home/royce/prosjektoppgave/ros2_ws/install/drone_interfaces/include/drone_interfaces/drone_interfaces/msg/rosidl_typesupport_fastrtps_c__visibility_control.h
[4.850s] -- Up-to-date: /home/royce/prosjektoppgave/ros2_ws/install/drone_interfaces/include/drone_interfaces/drone_interfaces/action
[4.850s] -- Up-to-date: /home/royce/prosjektoppgave/ros2_ws/install/drone_interfaces/include/drone_interfaces/drone_interfaces/action/detail
[4.850s] -- Installing: /home/royce/prosjektoppgave/ros2_ws/install/drone_interfaces/include/drone_interfaces/drone_interfaces/action/detail/drone__rosidl_typesupport_fastrtps_c.h
[4.850s] -- Installing: /home/royce/prosjektoppgave/ros2_ws/install/drone_interfaces/lib/libdrone_interfaces__rosidl_typesupport_fastrtps_c.so
[4.850s] -- Set runtime path of "/home/royce/prosjektoppgave/ros2_ws/install/drone_interfaces/lib/libdrone_interfaces__rosidl_typesupport_fastrtps_c.so" to ""
[4.850s] -- Up-to-date: /home/royce/prosjektoppgave/ros2_ws/install/drone_interfaces/include/drone_interfaces/drone_interfaces
[4.851s] -- Up-to-date: /home/royce/prosjektoppgave/ros2_ws/install/drone_interfaces/include/drone_interfaces/drone_interfaces/msg
[4.851s] -- Installing: /home/royce/prosjektoppgave/ros2_ws/install/drone_interfaces/include/drone_interfaces/drone_interfaces/msg/rosidl_typesupport_introspection_c__visibility_control.h
[4.851s] -- Up-to-date: /home/royce/prosjektoppgave/ros2_ws/install/drone_interfaces/include/drone_interfaces/drone_interfaces/action
[4.851s] -- Up-to-date: /home/royce/prosjektoppgave/ros2_ws/install/drone_interfaces/include/drone_interfaces/drone_interfaces/action/detail
[4.851s] -- Installing: /home/royce/prosjektoppgave/ros2_ws/install/drone_interfaces/include/drone_interfaces/drone_interfaces/action/detail/drone__type_support.c
[4.851s] -- Installing: /home/royce/prosjektoppgave/ros2_ws/install/drone_interfaces/include/drone_interfaces/drone_interfaces/action/detail/drone__rosidl_typesupport_introspection_c.h
[4.851s] -- Installing: /home/royce/prosjektoppgave/ros2_ws/install/drone_interfaces/lib/libdrone_interfaces__rosidl_typesupport_introspection_c.so
[4.851s] -- Set runtime path of "/home/royce/prosjektoppgave/ros2_ws/install/drone_interfaces/lib/libdrone_interfaces__rosidl_typesupport_introspection_c.so" to ""
[4.851s] -- Installing: /home/royce/prosjektoppgave/ros2_ws/install/drone_interfaces/lib/libdrone_interfaces__rosidl_typesupport_c.so
[4.852s] -- Set runtime path of "/home/royce/prosjektoppgave/ros2_ws/install/drone_interfaces/lib/libdrone_interfaces__rosidl_typesupport_c.so" to ""
[4.852s] -- Up-to-date: /home/royce/prosjektoppgave/ros2_ws/install/drone_interfaces/include/drone_interfaces/drone_interfaces
[4.852s] -- Up-to-date: /home/royce/prosjektoppgave/ros2_ws/install/drone_interfaces/include/drone_interfaces/drone_interfaces/action
[4.852s] -- Up-to-date: /home/royce/prosjektoppgave/ros2_ws/install/drone_interfaces/include/drone_interfaces/drone_interfaces/action/detail
[4.852s] -- Installing: /home/royce/prosjektoppgave/ros2_ws/install/drone_interfaces/include/drone_interfaces/drone_interfaces/action/detail/drone__struct.hpp
[4.852s] -- Installing: /home/royce/prosjektoppgave/ros2_ws/install/drone_interfaces/include/drone_interfaces/drone_interfaces/action/detail/drone__traits.hpp
[4.852s] -- Installing: /home/royce/prosjektoppgave/ros2_ws/install/drone_interfaces/include/drone_interfaces/drone_interfaces/action/detail/drone__builder.hpp
[4.853s] -- Installing: /home/royce/prosjektoppgave/ros2_ws/install/drone_interfaces/include/drone_interfaces/drone_interfaces/action/drone.hpp
[4.853s] -- Up-to-date: /home/royce/prosjektoppgave/ros2_ws/install/drone_interfaces/include/drone_interfaces/drone_interfaces
[4.853s] -- Up-to-date: /home/royce/prosjektoppgave/ros2_ws/install/drone_interfaces/include/drone_interfaces/drone_interfaces/msg
[4.853s] -- Installing: /home/royce/prosjektoppgave/ros2_ws/install/drone_interfaces/include/drone_interfaces/drone_interfaces/msg/rosidl_typesupport_fastrtps_cpp__visibility_control.h
[4.853s] -- Up-to-date: /home/royce/prosjektoppgave/ros2_ws/install/drone_interfaces/include/drone_interfaces/drone_interfaces/action
[4.853s] -- Up-to-date: /home/royce/prosjektoppgave/ros2_ws/install/drone_interfaces/include/drone_interfaces/drone_interfaces/action/detail
[4.853s] -- Installing: /home/royce/prosjektoppgave/ros2_ws/install/drone_interfaces/include/drone_interfaces/drone_interfaces/action/detail/drone__rosidl_typesupport_fastrtps_cpp.hpp
[4.853s] -- Installing: /home/royce/prosjektoppgave/ros2_ws/install/drone_interfaces/include/drone_interfaces/drone_interfaces/action/detail/dds_fastrtps
[4.853s] -- Installing: /home/royce/prosjektoppgave/ros2_ws/install/drone_interfaces/lib/libdrone_interfaces__rosidl_typesupport_fastrtps_cpp.so
[4.853s] -- Set runtime path of "/home/royce/prosjektoppgave/ros2_ws/install/drone_interfaces/lib/libdrone_interfaces__rosidl_typesupport_fastrtps_cpp.so" to ""
[4.853s] -- Up-to-date: /home/royce/prosjektoppgave/ros2_ws/install/drone_interfaces/include/drone_interfaces/drone_interfaces
[4.854s] -- Up-to-date: /home/royce/prosjektoppgave/ros2_ws/install/drone_interfaces/include/drone_interfaces/drone_interfaces/action
[4.854s] -- Up-to-date: /home/royce/prosjektoppgave/ros2_ws/install/drone_interfaces/include/drone_interfaces/drone_interfaces/action/detail
[4.854s] -- Installing: /home/royce/prosjektoppgave/ros2_ws/install/drone_interfaces/include/drone_interfaces/drone_interfaces/action/detail/drone__rosidl_typesupport_introspection_cpp.hpp
[4.854s] -- Installing: /home/royce/prosjektoppgave/ros2_ws/install/drone_interfaces/include/drone_interfaces/drone_interfaces/action/detail/drone__type_support.cpp
[4.854s] -- Installing: /home/royce/prosjektoppgave/ros2_ws/install/drone_interfaces/lib/libdrone_interfaces__rosidl_typesupport_introspection_cpp.so
[4.854s] -- Set runtime path of "/home/royce/prosjektoppgave/ros2_ws/install/drone_interfaces/lib/libdrone_interfaces__rosidl_typesupport_introspection_cpp.so" to ""
[4.854s] -- Installing: /home/royce/prosjektoppgave/ros2_ws/install/drone_interfaces/lib/libdrone_interfaces__rosidl_typesupport_cpp.so
[4.855s] -- Set runtime path of "/home/royce/prosjektoppgave/ros2_ws/install/drone_interfaces/lib/libdrone_interfaces__rosidl_typesupport_cpp.so" to ""
[4.855s] -- Installing: /home/royce/prosjektoppgave/ros2_ws/install/drone_interfaces/share/drone_interfaces/environment/pythonpath.sh
[4.855s] -- Installing: /home/royce/prosjektoppgave/ros2_ws/install/drone_interfaces/share/drone_interfaces/environment/pythonpath.dsv
[4.855s] -- Installing: /home/royce/prosjektoppgave/ros2_ws/install/drone_interfaces/local/lib/python3.10/dist-packages/drone_interfaces-0.0.0-py3.10.egg-info
[4.855s] -- Installing: /home/royce/prosjektoppgave/ros2_ws/install/drone_interfaces/local/lib/python3.10/dist-packages/drone_interfaces-0.0.0-py3.10.egg-info/SOURCES.txt
[4.855s] -- Installing: /home/royce/prosjektoppgave/ros2_ws/install/drone_interfaces/local/lib/python3.10/dist-packages/drone_interfaces-0.0.0-py3.10.egg-info/top_level.txt
[4.855s] -- Installing: /home/royce/prosjektoppgave/ros2_ws/install/drone_interfaces/local/lib/python3.10/dist-packages/drone_interfaces-0.0.0-py3.10.egg-info/dependency_links.txt
[4.856s] -- Installing: /home/royce/prosjektoppgave/ros2_ws/install/drone_interfaces/local/lib/python3.10/dist-packages/drone_interfaces-0.0.0-py3.10.egg-info/PKG-INFO
[4.856s] -- Installing: /home/royce/prosjektoppgave/ros2_ws/install/drone_interfaces/local/lib/python3.10/dist-packages/drone_interfaces
[4.856s] -- Installing: /home/royce/prosjektoppgave/ros2_ws/install/drone_interfaces/local/lib/python3.10/dist-packages/drone_interfaces/_drone_interfaces_s.ep.rosidl_typesupport_c.c
[4.856s] -- Installing: /home/royce/prosjektoppgave/ros2_ws/install/drone_interfaces/local/lib/python3.10/dist-packages/drone_interfaces/_drone_interfaces_s.ep.rosidl_typesupport_fastrtps_c.c
[4.856s] -- Installing: /home/royce/prosjektoppgave/ros2_ws/install/drone_interfaces/local/lib/python3.10/dist-packages/drone_interfaces/drone_interfaces_s__rosidl_typesupport_fastrtps_c.cpython-310-x86_64-linux-gnu.so
[4.856s] -- Installing: /home/royce/prosjektoppgave/ros2_ws/install/drone_interfaces/local/lib/python3.10/dist-packages/drone_interfaces/drone_interfaces_s__rosidl_typesupport_introspection_c.cpython-310-x86_64-linux-gnu.so
[4.856s] -- Installing: /home/royce/prosjektoppgave/ros2_ws/install/drone_interfaces/local/lib/python3.10/dist-packages/drone_interfaces/__init__.py
[4.856s] -- Installing: /home/royce/prosjektoppgave/ros2_ws/install/drone_interfaces/local/lib/python3.10/dist-packages/drone_interfaces/action
[4.856s] -- Installing: /home/royce/prosjektoppgave/ros2_ws/install/drone_interfaces/local/lib/python3.10/dist-packages/drone_interfaces/action/_drone.py
[4.857s] -- Installing: /home/royce/prosjektoppgave/ros2_ws/install/drone_interfaces/local/lib/python3.10/dist-packages/drone_interfaces/action/__init__.py
[4.857s] -- Installing: /home/royce/prosjektoppgave/ros2_ws/install/drone_interfaces/local/lib/python3.10/dist-packages/drone_interfaces/action/_drone_s.c
[4.857s] -- Installing: /home/royce/prosjektoppgave/ros2_ws/install/drone_interfaces/local/lib/python3.10/dist-packages/drone_interfaces/drone_interfaces_s__rosidl_typesupport_c.cpython-310-x86_64-linux-gnu.so
[4.857s] -- Installing: /home/royce/prosjektoppgave/ros2_ws/install/drone_interfaces/local/lib/python3.10/dist-packages/drone_interfaces/libdrone_interfaces__rosidl_generator_py.so
[4.857s] -- Installing: /home/royce/prosjektoppgave/ros2_ws/install/drone_interfaces/local/lib/python3.10/dist-packages/drone_interfaces/_drone_interfaces_s.ep.rosidl_typesupport_introspection_c.c
[4.889s] Listing '/home/royce/prosjektoppgave/ros2_ws/install/drone_interfaces/local/lib/python3.10/dist-packages/drone_interfaces'...
[4.889s] Compiling '/home/royce/prosjektoppgave/ros2_ws/install/drone_interfaces/local/lib/python3.10/dist-packages/drone_interfaces/__init__.py'...
[4.889s] Listing '/home/royce/prosjektoppgave/ros2_ws/install/drone_interfaces/local/lib/python3.10/dist-packages/drone_interfaces/action'...
[4.890s] Compiling '/home/royce/prosjektoppgave/ros2_ws/install/drone_interfaces/local/lib/python3.10/dist-packages/drone_interfaces/action/__init__.py'...
[4.890s] Compiling '/home/royce/prosjektoppgave/ros2_ws/install/drone_interfaces/local/lib/python3.10/dist-packages/drone_interfaces/action/_drone.py'...
[4.894s] -- Installing: /home/royce/prosjektoppgave/ros2_ws/install/drone_interfaces/local/lib/python3.10/dist-packages/drone_interfaces/drone_interfaces_s__rosidl_typesupport_fastrtps_c.cpython-310-x86_64-linux-gnu.so
[4.895s] -- Set runtime path of "/home/royce/prosjektoppgave/ros2_ws/install/drone_interfaces/local/lib/python3.10/dist-packages/drone_interfaces/drone_interfaces_s__rosidl_typesupport_fastrtps_c.cpython-310-x86_64-linux-gnu.so" to ""
[4.895s] -- Installing: /home/royce/prosjektoppgave/ros2_ws/install/drone_interfaces/local/lib/python3.10/dist-packages/drone_interfaces/drone_interfaces_s__rosidl_typesupport_introspection_c.cpython-310-x86_64-linux-gnu.so
[4.895s] -- Set runtime path of "/home/royce/prosjektoppgave/ros2_ws/install/drone_interfaces/local/lib/python3.10/dist-packages/drone_interfaces/drone_interfaces_s__rosidl_typesupport_introspection_c.cpython-310-x86_64-linux-gnu.so" to ""
[4.895s] -- Installing: /home/royce/prosjektoppgave/ros2_ws/install/drone_interfaces/local/lib/python3.10/dist-packages/drone_interfaces/drone_interfaces_s__rosidl_typesupport_c.cpython-310-x86_64-linux-gnu.so
[4.896s] -- Set runtime path of "/home/royce/prosjektoppgave/ros2_ws/install/drone_interfaces/local/lib/python3.10/dist-packages/drone_interfaces/drone_interfaces_s__rosidl_typesupport_c.cpython-310-x86_64-linux-gnu.so" to ""
[4.896s] -- Installing: /home/royce/prosjektoppgave/ros2_ws/install/drone_interfaces/lib/libdrone_interfaces__rosidl_generator_py.so
[4.896s] -- Set runtime path of "/home/royce/prosjektoppgave/ros2_ws/install/drone_interfaces/lib/libdrone_interfaces__rosidl_generator_py.so" to ""
[4.896s] -- Installing: /home/royce/prosjektoppgave/ros2_ws/install/drone_interfaces/share/drone_interfaces/action/Drone.idl
[4.897s] -- Installing: /home/royce/prosjektoppgave/ros2_ws/install/drone_interfaces/share/drone_interfaces/action/Drone.action
[4.897s] -- Installing: /home/royce/prosjektoppgave/ros2_ws/install/drone_interfaces/share/ament_index/resource_index/package_run_dependencies/drone_interfaces
[4.897s] -- Installing: /home/royce/prosjektoppgave/ros2_ws/install/drone_interfaces/share/ament_index/resource_index/parent_prefix_path/drone_interfaces
[4.897s] -- Installing: /home/royce/prosjektoppgave/ros2_ws/install/drone_interfaces/share/drone_interfaces/environment/ament_prefix_path.sh
[4.897s] -- Installing: /home/royce/prosjektoppgave/ros2_ws/install/drone_interfaces/share/drone_interfaces/environment/ament_prefix_path.dsv
[4.897s] -- Installing: /home/royce/prosjektoppgave/ros2_ws/install/drone_interfaces/share/drone_interfaces/environment/path.sh
[4.897s] -- Installing: /home/royce/prosjektoppgave/ros2_ws/install/drone_interfaces/share/drone_interfaces/environment/path.dsv
[4.897s] -- Installing: /home/royce/prosjektoppgave/ros2_ws/install/drone_interfaces/share/drone_interfaces/local_setup.bash
[4.898s] -- Installing: /home/royce/prosjektoppgave/ros2_ws/install/drone_interfaces/share/drone_interfaces/local_setup.sh
[4.898s] -- Installing: /home/royce/prosjektoppgave/ros2_ws/install/drone_interfaces/share/drone_interfaces/local_setup.zsh
[4.898s] -- Installing: /home/royce/prosjektoppgave/ros2_ws/install/drone_interfaces/share/drone_interfaces/local_setup.dsv
[4.898s] -- Installing: /home/royce/prosjektoppgave/ros2_ws/install/drone_interfaces/share/drone_interfaces/package.dsv
[4.898s] -- Installing: /home/royce/prosjektoppgave/ros2_ws/install/drone_interfaces/share/ament_index/resource_index/packages/drone_interfaces
[4.898s] -- Installing: /home/royce/prosjektoppgave/ros2_ws/install/drone_interfaces/share/drone_interfaces/cmake/export_drone_interfaces__rosidl_generator_cExport.cmake
[4.898s] -- Installing: /home/royce/prosjektoppgave/ros2_ws/install/drone_interfaces/share/drone_interfaces/cmake/export_drone_interfaces__rosidl_generator_cExport-noconfig.cmake
[4.899s] -- Installing: /home/royce/prosjektoppgave/ros2_ws/install/drone_interfaces/share/drone_interfaces/cmake/export_drone_interfaces__rosidl_typesupport_fastrtps_cExport.cmake
[4.899s] -- Installing: /home/royce/prosjektoppgave/ros2_ws/install/drone_interfaces/share/drone_interfaces/cmake/export_drone_interfaces__rosidl_typesupport_fastrtps_cExport-noconfig.cmake
[4.899s] -- Installing: /home/royce/prosjektoppgave/ros2_ws/install/drone_interfaces/share/drone_interfaces/cmake/drone_interfaces__rosidl_typesupport_introspection_cExport.cmake
[4.899s] -- Installing: /home/royce/prosjektoppgave/ros2_ws/install/drone_interfaces/share/drone_interfaces/cmake/drone_interfaces__rosidl_typesupport_introspection_cExport-noconfig.cmake
[4.899s] -- Installing: /home/royce/prosjektoppgave/ros2_ws/install/drone_interfaces/share/drone_interfaces/cmake/drone_interfaces__rosidl_typesupport_cExport.cmake
[4.899s] -- Installing: /home/royce/prosjektoppgave/ros2_ws/install/drone_interfaces/share/drone_interfaces/cmake/drone_interfaces__rosidl_typesupport_cExport-noconfig.cmake
[4.899s] -- Installing: /home/royce/prosjektoppgave/ros2_ws/install/drone_interfaces/share/drone_interfaces/cmake/export_drone_interfaces__rosidl_generator_cppExport.cmake
[4.900s] -- Installing: /home/royce/prosjektoppgave/ros2_ws/install/drone_interfaces/share/drone_interfaces/cmake/export_drone_interfaces__rosidl_typesupport_fastrtps_cppExport.cmake
[4.900s] -- Installing: /home/royce/prosjektoppgave/ros2_ws/install/drone_interfaces/share/drone_interfaces/cmake/export_drone_interfaces__rosidl_typesupport_fastrtps_cppExport-noconfig.cmake
[4.900s] -- Installing: /home/royce/prosjektoppgave/ros2_ws/install/drone_interfaces/share/drone_interfaces/cmake/drone_interfaces__rosidl_typesupport_introspection_cppExport.cmake
[4.900s] -- Installing: /home/royce/prosjektoppgave/ros2_ws/install/drone_interfaces/share/drone_interfaces/cmake/drone_interfaces__rosidl_typesupport_introspection_cppExport-noconfig.cmake
[4.900s] -- Installing: /home/royce/prosjektoppgave/ros2_ws/install/drone_interfaces/share/drone_interfaces/cmake/drone_interfaces__rosidl_typesupport_cppExport.cmake
[4.900s] -- Installing: /home/royce/prosjektoppgave/ros2_ws/install/drone_interfaces/share/drone_interfaces/cmake/drone_interfaces__rosidl_typesupport_cppExport-noconfig.cmake
[4.900s] -- Installing: /home/royce/prosjektoppgave/ros2_ws/install/drone_interfaces/share/drone_interfaces/cmake/export_drone_interfaces__rosidl_generator_pyExport.cmake
[4.900s] -- Installing: /home/royce/prosjektoppgave/ros2_ws/install/drone_interfaces/share/drone_interfaces/cmake/export_drone_interfaces__rosidl_generator_pyExport-noconfig.cmake
[4.901s] -- Installing: /home/royce/prosjektoppgave/ros2_ws/install/drone_interfaces/share/drone_interfaces/cmake/rosidl_cmake-extras.cmake
[4.901s] -- Installing: /home/royce/prosjektoppgave/ros2_ws/install/drone_interfaces/share/drone_interfaces/cmake/ament_cmake_export_dependencies-extras.cmake
[4.901s] -- Installing: /home/royce/prosjektoppgave/ros2_ws/install/drone_interfaces/share/drone_interfaces/cmake/ament_cmake_export_include_directories-extras.cmake
[4.901s] -- Installing: /home/royce/prosjektoppgave/ros2_ws/install/drone_interfaces/share/drone_interfaces/cmake/ament_cmake_export_libraries-extras.cmake
[4.901s] -- Installing: /home/royce/prosjektoppgave/ros2_ws/install/drone_interfaces/share/drone_interfaces/cmake/ament_cmake_export_targets-extras.cmake
[4.901s] -- Installing: /home/royce/prosjektoppgave/ros2_ws/install/drone_interfaces/share/drone_interfaces/cmake/rosidl_cmake_export_typesupport_targets-extras.cmake
[4.901s] -- Installing: /home/royce/prosjektoppgave/ros2_ws/install/drone_interfaces/share/drone_interfaces/cmake/rosidl_cmake_export_typesupport_libraries-extras.cmake
[4.901s] -- Installing: /home/royce/prosjektoppgave/ros2_ws/install/drone_interfaces/share/drone_interfaces/cmake/drone_interfacesConfig.cmake
[4.901s] -- Installing: /home/royce/prosjektoppgave/ros2_ws/install/drone_interfaces/share/drone_interfaces/cmake/drone_interfacesConfig-version.cmake
[4.902s] -- Installing: /home/royce/prosjektoppgave/ros2_ws/install/drone_interfaces/share/drone_interfaces/package.xml
[4.904s] Invoked command in '/home/royce/prosjektoppgave/ros2_ws/build/drone_interfaces' returned '0': CMAKE_PREFIX_PATH=/opt/ros/humble /usr/bin/cmake --install /home/royce/prosjektoppgave/ros2_ws/build/drone_interfaces
