[0.013s] Invoking command in '/home/royce/prosjektoppgave/ros2_ws/build/drone_interfaces': CMAKE_PREFIX_PATH=/opt/ros/humble /usr/bin/cmake --build /home/royce/prosjektoppgave/ros2_ws/build/drone_interfaces -- -j8 -l8
[0.049s] [35m[1mConsolidate compiler generated dependencies of target drone_interfaces__rosidl_generator_c[0m
[0.056s] [  3%] Built target drone_interfaces__cpp
[0.057s] [ 12%] Built target drone_interfaces__rosidl_generator_c
[0.066s] [35m[1mConsolidate compiler generated dependencies of target drone_interfaces__rosidl_typesupport_fastrtps_cpp[0m
[0.066s] [ 12%] Built target ament_cmake_python_copy_drone_interfaces
[0.067s] [35m[1mConsolidate compiler generated dependencies of target drone_interfaces__rosidl_typesupport_cpp[0m
[0.067s] [35m[1mConsolidate compiler generated dependencies of target drone_interfaces__rosidl_typesupport_fastrtps_c[0m
[0.067s] [35m[1mConsolidate compiler generated dependencies of target drone_interfaces__rosidl_typesupport_introspection_cpp[0m
[0.068s] [35m[1mConsolidate compiler generated dependencies of target drone_interfaces__rosidl_typesupport_introspection_c[0m
[0.068s] [35m[1mConsolidate compiler generated dependencies of target drone_interfaces__rosidl_typesupport_c[0m
[0.084s] [ 35%] Built target drone_interfaces__rosidl_typesupport_c
[0.084s] [ 35%] Built target drone_interfaces__rosidl_typesupport_fastrtps_cpp
[0.084s] [ 41%] Built target drone_interfaces__rosidl_typesupport_introspection_c
[0.084s] [ 51%] Built target drone_interfaces__rosidl_typesupport_introspection_cpp
[0.085s] [ 61%] Built target drone_interfaces__rosidl_typesupport_cpp
[0.086s] [ 70%] Built target drone_interfaces__rosidl_typesupport_fastrtps_c
[0.102s] [ 70%] Built target drone_interfaces
[0.122s] [ 74%] Built target drone_interfaces__py
[0.131s] [35m[1mConsolidate compiler generated dependencies of target drone_interfaces__rosidl_generator_py[0m
[0.143s] [ 80%] Built target drone_interfaces__rosidl_generator_py
[0.151s] [35m[1mConsolidate compiler generated dependencies of target drone_interfaces__rosidl_typesupport_introspection_c__pyext[0m
[0.152s] [35m[1mConsolidate compiler generated dependencies of target drone_interfaces__rosidl_typesupport_fastrtps_c__pyext[0m
[0.152s] [35m[1mConsolidate compiler generated dependencies of target drone_interfaces__rosidl_typesupport_c__pyext[0m
[0.163s] [100%] Built target drone_interfaces__rosidl_typesupport_c__pyext
[0.163s] [100%] Built target drone_interfaces__rosidl_typesupport_introspection_c__pyext
[0.163s] [100%] Built target drone_interfaces__rosidl_typesupport_fastrtps_c__pyext
[0.420s] running egg_info
[0.434s] writing drone_interfaces.egg-info/PKG-INFO
[0.434s] writing dependency_links to drone_interfaces.egg-info/dependency_links.txt
[0.435s] writing top-level names to drone_interfaces.egg-info/top_level.txt
[0.487s] reading manifest file 'drone_interfaces.egg-info/SOURCES.txt'
[0.488s] writing manifest file 'drone_interfaces.egg-info/SOURCES.txt'
[0.588s] [100%] Built target ament_cmake_python_build_drone_interfaces_egg
[0.601s] Invoked command in '/home/royce/prosjektoppgave/ros2_ws/build/drone_interfaces' returned '0': CMAKE_PREFIX_PATH=/opt/ros/humble /usr/bin/cmake --build /home/royce/prosjektoppgave/ros2_ws/build/drone_interfaces -- -j8 -l8
[0.666s] Invoking command in '/home/royce/prosjektoppgave/ros2_ws/build/drone_interfaces': CMAKE_PREFIX_PATH=/opt/ros/humble /usr/bin/cmake --install /home/royce/prosjektoppgave/ros2_ws/build/drone_interfaces
[0.675s] -- Install configuration: ""
[0.675s] -- Up-to-date: /home/royce/prosjektoppgave/ros2_ws/install/drone_interfaces/share/ament_index/resource_index/rosidl_interfaces/drone_interfaces
[0.675s] -- Up-to-date: /home/royce/prosjektoppgave/ros2_ws/install/drone_interfaces/include/drone_interfaces/drone_interfaces
[0.676s] -- Up-to-date: /home/royce/prosjektoppgave/ros2_ws/install/drone_interfaces/include/drone_interfaces/drone_interfaces/msg
[0.676s] -- Up-to-date: /home/royce/prosjektoppgave/ros2_ws/install/drone_interfaces/include/drone_interfaces/drone_interfaces/msg/rosidl_generator_c__visibility_control.h
[0.676s] -- Up-to-date: /home/royce/prosjektoppgave/ros2_ws/install/drone_interfaces/include/drone_interfaces/drone_interfaces/action
[0.676s] -- Up-to-date: /home/royce/prosjektoppgave/ros2_ws/install/drone_interfaces/include/drone_interfaces/drone_interfaces/action/detail
[0.677s] -- Up-to-date: /home/royce/prosjektoppgave/ros2_ws/install/drone_interfaces/include/drone_interfaces/drone_interfaces/action/detail/drone__functions.c
[0.677s] -- Up-to-date: /home/royce/prosjektoppgave/ros2_ws/install/drone_interfaces/include/drone_interfaces/drone_interfaces/action/detail/drone__struct.h
[0.677s] -- Up-to-date: /home/royce/prosjektoppgave/ros2_ws/install/drone_interfaces/include/drone_interfaces/drone_interfaces/action/detail/drone__functions.h
[0.677s] -- Up-to-date: /home/royce/prosjektoppgave/ros2_ws/install/drone_interfaces/include/drone_interfaces/drone_interfaces/action/detail/drone__type_support.h
[0.677s] -- Up-to-date: /home/royce/prosjektoppgave/ros2_ws/install/drone_interfaces/include/drone_interfaces/drone_interfaces/action/drone.h
[0.677s] -- Up-to-date: /home/royce/prosjektoppgave/ros2_ws/install/drone_interfaces/share/drone_interfaces/environment/library_path.sh
[0.677s] -- Up-to-date: /home/royce/prosjektoppgave/ros2_ws/install/drone_interfaces/share/drone_interfaces/environment/library_path.dsv
[0.678s] -- Up-to-date: /home/royce/prosjektoppgave/ros2_ws/install/drone_interfaces/lib/libdrone_interfaces__rosidl_generator_c.so
[0.678s] -- Up-to-date: /home/royce/prosjektoppgave/ros2_ws/install/drone_interfaces/include/drone_interfaces/drone_interfaces
[0.678s] -- Up-to-date: /home/royce/prosjektoppgave/ros2_ws/install/drone_interfaces/include/drone_interfaces/drone_interfaces/msg
[0.678s] -- Up-to-date: /home/royce/prosjektoppgave/ros2_ws/install/drone_interfaces/include/drone_interfaces/drone_interfaces/msg/rosidl_typesupport_fastrtps_c__visibility_control.h
[0.678s] -- Up-to-date: /home/royce/prosjektoppgave/ros2_ws/install/drone_interfaces/include/drone_interfaces/drone_interfaces/action
[0.678s] -- Up-to-date: /home/royce/prosjektoppgave/ros2_ws/install/drone_interfaces/include/drone_interfaces/drone_interfaces/action/detail
[0.678s] -- Up-to-date: /home/royce/prosjektoppgave/ros2_ws/install/drone_interfaces/include/drone_interfaces/drone_interfaces/action/detail/drone__rosidl_typesupport_fastrtps_c.h
[0.678s] -- Up-to-date: /home/royce/prosjektoppgave/ros2_ws/install/drone_interfaces/lib/libdrone_interfaces__rosidl_typesupport_fastrtps_c.so
[0.678s] -- Up-to-date: /home/royce/prosjektoppgave/ros2_ws/install/drone_interfaces/include/drone_interfaces/drone_interfaces
[0.679s] -- Up-to-date: /home/royce/prosjektoppgave/ros2_ws/install/drone_interfaces/include/drone_interfaces/drone_interfaces/msg
[0.679s] -- Up-to-date: /home/royce/prosjektoppgave/ros2_ws/install/drone_interfaces/include/drone_interfaces/drone_interfaces/msg/rosidl_typesupport_introspection_c__visibility_control.h
[0.679s] -- Up-to-date: /home/royce/prosjektoppgave/ros2_ws/install/drone_interfaces/include/drone_interfaces/drone_interfaces/action
[0.679s] -- Up-to-date: /home/royce/prosjektoppgave/ros2_ws/install/drone_interfaces/include/drone_interfaces/drone_interfaces/action/detail
[0.683s] -- Up-to-date: /home/royce/prosjektoppgave/ros2_ws/install/drone_interfaces/include/drone_interfaces/drone_interfaces/action/detail/drone__type_support.c
[0.684s] -- Up-to-date: /home/royce/prosjektoppgave/ros2_ws/install/drone_interfaces/include/drone_interfaces/drone_interfaces/action/detail/drone__rosidl_typesupport_introspection_c.h
[0.684s] -- Up-to-date: /home/royce/prosjektoppgave/ros2_ws/install/drone_interfaces/lib/libdrone_interfaces__rosidl_typesupport_introspection_c.so
[0.684s] -- Up-to-date: /home/royce/prosjektoppgave/ros2_ws/install/drone_interfaces/lib/libdrone_interfaces__rosidl_typesupport_c.so
[0.684s] -- Up-to-date: /home/royce/prosjektoppgave/ros2_ws/install/drone_interfaces/include/drone_interfaces/drone_interfaces
[0.685s] -- Up-to-date: /home/royce/prosjektoppgave/ros2_ws/install/drone_interfaces/include/drone_interfaces/drone_interfaces/action
[0.685s] -- Up-to-date: /home/royce/prosjektoppgave/ros2_ws/install/drone_interfaces/include/drone_interfaces/drone_interfaces/action/detail
[0.685s] -- Up-to-date: /home/royce/prosjektoppgave/ros2_ws/install/drone_interfaces/include/drone_interfaces/drone_interfaces/action/detail/drone__struct.hpp
[0.685s] -- Up-to-date: /home/royce/prosjektoppgave/ros2_ws/install/drone_interfaces/include/drone_interfaces/drone_interfaces/action/detail/drone__traits.hpp
[0.685s] -- Up-to-date: /home/royce/prosjektoppgave/ros2_ws/install/drone_interfaces/include/drone_interfaces/drone_interfaces/action/detail/drone__builder.hpp
[0.685s] -- Up-to-date: /home/royce/prosjektoppgave/ros2_ws/install/drone_interfaces/include/drone_interfaces/drone_interfaces/action/drone.hpp
[0.685s] -- Up-to-date: /home/royce/prosjektoppgave/ros2_ws/install/drone_interfaces/include/drone_interfaces/drone_interfaces
[0.686s] -- Up-to-date: /home/royce/prosjektoppgave/ros2_ws/install/drone_interfaces/include/drone_interfaces/drone_interfaces/msg
[0.686s] -- Up-to-date: /home/royce/prosjektoppgave/ros2_ws/install/drone_interfaces/include/drone_interfaces/drone_interfaces/msg/rosidl_typesupport_fastrtps_cpp__visibility_control.h
[0.686s] -- Up-to-date: /home/royce/prosjektoppgave/ros2_ws/install/drone_interfaces/include/drone_interfaces/drone_interfaces/action
[0.686s] -- Up-to-date: /home/royce/prosjektoppgave/ros2_ws/install/drone_interfaces/include/drone_interfaces/drone_interfaces/action/detail
[0.686s] -- Up-to-date: /home/royce/prosjektoppgave/ros2_ws/install/drone_interfaces/include/drone_interfaces/drone_interfaces/action/detail/drone__rosidl_typesupport_fastrtps_cpp.hpp
[0.686s] -- Up-to-date: /home/royce/prosjektoppgave/ros2_ws/install/drone_interfaces/include/drone_interfaces/drone_interfaces/action/detail/dds_fastrtps
[0.686s] -- Up-to-date: /home/royce/prosjektoppgave/ros2_ws/install/drone_interfaces/lib/libdrone_interfaces__rosidl_typesupport_fastrtps_cpp.so
[0.687s] -- Up-to-date: /home/royce/prosjektoppgave/ros2_ws/install/drone_interfaces/include/drone_interfaces/drone_interfaces
[0.687s] -- Up-to-date: /home/royce/prosjektoppgave/ros2_ws/install/drone_interfaces/include/drone_interfaces/drone_interfaces/action
[0.687s] -- Up-to-date: /home/royce/prosjektoppgave/ros2_ws/install/drone_interfaces/include/drone_interfaces/drone_interfaces/action/detail
[0.687s] -- Up-to-date: /home/royce/prosjektoppgave/ros2_ws/install/drone_interfaces/include/drone_interfaces/drone_interfaces/action/detail/drone__rosidl_typesupport_introspection_cpp.hpp
[0.687s] -- Up-to-date: /home/royce/prosjektoppgave/ros2_ws/install/drone_interfaces/include/drone_interfaces/drone_interfaces/action/detail/drone__type_support.cpp
[0.687s] -- Up-to-date: /home/royce/prosjektoppgave/ros2_ws/install/drone_interfaces/lib/libdrone_interfaces__rosidl_typesupport_introspection_cpp.so
[0.687s] -- Up-to-date: /home/royce/prosjektoppgave/ros2_ws/install/drone_interfaces/lib/libdrone_interfaces__rosidl_typesupport_cpp.so
[0.687s] -- Up-to-date: /home/royce/prosjektoppgave/ros2_ws/install/drone_interfaces/share/drone_interfaces/environment/pythonpath.sh
[0.688s] -- Up-to-date: /home/royce/prosjektoppgave/ros2_ws/install/drone_interfaces/share/drone_interfaces/environment/pythonpath.dsv
[0.688s] -- Up-to-date: /home/royce/prosjektoppgave/ros2_ws/install/drone_interfaces/local/lib/python3.10/dist-packages/drone_interfaces-0.0.0-py3.10.egg-info
[0.688s] -- Installing: /home/royce/prosjektoppgave/ros2_ws/install/drone_interfaces/local/lib/python3.10/dist-packages/drone_interfaces-0.0.0-py3.10.egg-info/SOURCES.txt
[0.688s] -- Installing: /home/royce/prosjektoppgave/ros2_ws/install/drone_interfaces/local/lib/python3.10/dist-packages/drone_interfaces-0.0.0-py3.10.egg-info/top_level.txt
[0.688s] -- Installing: /home/royce/prosjektoppgave/ros2_ws/install/drone_interfaces/local/lib/python3.10/dist-packages/drone_interfaces-0.0.0-py3.10.egg-info/dependency_links.txt
[0.688s] -- Installing: /home/royce/prosjektoppgave/ros2_ws/install/drone_interfaces/local/lib/python3.10/dist-packages/drone_interfaces-0.0.0-py3.10.egg-info/PKG-INFO
[0.688s] -- Up-to-date: /home/royce/prosjektoppgave/ros2_ws/install/drone_interfaces/local/lib/python3.10/dist-packages/drone_interfaces
[0.688s] -- Up-to-date: /home/royce/prosjektoppgave/ros2_ws/install/drone_interfaces/local/lib/python3.10/dist-packages/drone_interfaces/_drone_interfaces_s.ep.rosidl_typesupport_c.c
[0.689s] -- Up-to-date: /home/royce/prosjektoppgave/ros2_ws/install/drone_interfaces/local/lib/python3.10/dist-packages/drone_interfaces/_drone_interfaces_s.ep.rosidl_typesupport_fastrtps_c.c
[0.689s] -- Up-to-date: /home/royce/prosjektoppgave/ros2_ws/install/drone_interfaces/local/lib/python3.10/dist-packages/drone_interfaces/drone_interfaces_s__rosidl_typesupport_fastrtps_c.cpython-310-x86_64-linux-gnu.so
[0.689s] -- Up-to-date: /home/royce/prosjektoppgave/ros2_ws/install/drone_interfaces/local/lib/python3.10/dist-packages/drone_interfaces/drone_interfaces_s__rosidl_typesupport_introspection_c.cpython-310-x86_64-linux-gnu.so
[0.689s] -- Up-to-date: /home/royce/prosjektoppgave/ros2_ws/install/drone_interfaces/local/lib/python3.10/dist-packages/drone_interfaces/__init__.py
[0.689s] -- Up-to-date: /home/royce/prosjektoppgave/ros2_ws/install/drone_interfaces/local/lib/python3.10/dist-packages/drone_interfaces/action
[0.689s] -- Up-to-date: /home/royce/prosjektoppgave/ros2_ws/install/drone_interfaces/local/lib/python3.10/dist-packages/drone_interfaces/action/_drone.py
[0.689s] -- Up-to-date: /home/royce/prosjektoppgave/ros2_ws/install/drone_interfaces/local/lib/python3.10/dist-packages/drone_interfaces/action/__init__.py
[0.690s] -- Up-to-date: /home/royce/prosjektoppgave/ros2_ws/install/drone_interfaces/local/lib/python3.10/dist-packages/drone_interfaces/action/_drone_s.c
[0.690s] -- Up-to-date: /home/royce/prosjektoppgave/ros2_ws/install/drone_interfaces/local/lib/python3.10/dist-packages/drone_interfaces/drone_interfaces_s__rosidl_typesupport_c.cpython-310-x86_64-linux-gnu.so
[0.690s] -- Up-to-date: /home/royce/prosjektoppgave/ros2_ws/install/drone_interfaces/local/lib/python3.10/dist-packages/drone_interfaces/libdrone_interfaces__rosidl_generator_py.so
[0.690s] -- Up-to-date: /home/royce/prosjektoppgave/ros2_ws/install/drone_interfaces/local/lib/python3.10/dist-packages/drone_interfaces/_drone_interfaces_s.ep.rosidl_typesupport_introspection_c.c
[0.716s] Listing '/home/royce/prosjektoppgave/ros2_ws/install/drone_interfaces/local/lib/python3.10/dist-packages/drone_interfaces'...
[0.716s] Listing '/home/royce/prosjektoppgave/ros2_ws/install/drone_interfaces/local/lib/python3.10/dist-packages/drone_interfaces/action'...
[0.721s] -- Up-to-date: /home/royce/prosjektoppgave/ros2_ws/install/drone_interfaces/local/lib/python3.10/dist-packages/drone_interfaces/drone_interfaces_s__rosidl_typesupport_fastrtps_c.cpython-310-x86_64-linux-gnu.so
[0.721s] -- Up-to-date: /home/royce/prosjektoppgave/ros2_ws/install/drone_interfaces/local/lib/python3.10/dist-packages/drone_interfaces/drone_interfaces_s__rosidl_typesupport_introspection_c.cpython-310-x86_64-linux-gnu.so
[0.721s] -- Up-to-date: /home/royce/prosjektoppgave/ros2_ws/install/drone_interfaces/local/lib/python3.10/dist-packages/drone_interfaces/drone_interfaces_s__rosidl_typesupport_c.cpython-310-x86_64-linux-gnu.so
[0.722s] -- Up-to-date: /home/royce/prosjektoppgave/ros2_ws/install/drone_interfaces/lib/libdrone_interfaces__rosidl_generator_py.so
[0.722s] -- Up-to-date: /home/royce/prosjektoppgave/ros2_ws/install/drone_interfaces/share/drone_interfaces/action/Drone.idl
[0.722s] -- Up-to-date: /home/royce/prosjektoppgave/ros2_ws/install/drone_interfaces/share/drone_interfaces/action/Drone.action
[0.722s] -- Up-to-date: /home/royce/prosjektoppgave/ros2_ws/install/drone_interfaces/share/ament_index/resource_index/package_run_dependencies/drone_interfaces
[0.723s] -- Up-to-date: /home/royce/prosjektoppgave/ros2_ws/install/drone_interfaces/share/ament_index/resource_index/parent_prefix_path/drone_interfaces
[0.723s] -- Up-to-date: /home/royce/prosjektoppgave/ros2_ws/install/drone_interfaces/share/drone_interfaces/environment/ament_prefix_path.sh
[0.723s] -- Up-to-date: /home/royce/prosjektoppgave/ros2_ws/install/drone_interfaces/share/drone_interfaces/environment/ament_prefix_path.dsv
[0.723s] -- Up-to-date: /home/royce/prosjektoppgave/ros2_ws/install/drone_interfaces/share/drone_interfaces/environment/path.sh
[0.723s] -- Up-to-date: /home/royce/prosjektoppgave/ros2_ws/install/drone_interfaces/share/drone_interfaces/environment/path.dsv
[0.724s] -- Up-to-date: /home/royce/prosjektoppgave/ros2_ws/install/drone_interfaces/share/drone_interfaces/local_setup.bash
[0.724s] -- Up-to-date: /home/royce/prosjektoppgave/ros2_ws/install/drone_interfaces/share/drone_interfaces/local_setup.sh
[0.724s] -- Up-to-date: /home/royce/prosjektoppgave/ros2_ws/install/drone_interfaces/share/drone_interfaces/local_setup.zsh
[0.724s] -- Up-to-date: /home/royce/prosjektoppgave/ros2_ws/install/drone_interfaces/share/drone_interfaces/local_setup.dsv
[0.724s] -- Installing: /home/royce/prosjektoppgave/ros2_ws/install/drone_interfaces/share/drone_interfaces/package.dsv
[0.724s] -- Up-to-date: /home/royce/prosjektoppgave/ros2_ws/install/drone_interfaces/share/ament_index/resource_index/packages/drone_interfaces
[0.724s] -- Up-to-date: /home/royce/prosjektoppgave/ros2_ws/install/drone_interfaces/share/drone_interfaces/cmake/export_drone_interfaces__rosidl_generator_cExport.cmake
[0.725s] -- Up-to-date: /home/royce/prosjektoppgave/ros2_ws/install/drone_interfaces/share/drone_interfaces/cmake/export_drone_interfaces__rosidl_generator_cExport-noconfig.cmake
[0.725s] -- Up-to-date: /home/royce/prosjektoppgave/ros2_ws/install/drone_interfaces/share/drone_interfaces/cmake/export_drone_interfaces__rosidl_typesupport_fastrtps_cExport.cmake
[0.725s] -- Up-to-date: /home/royce/prosjektoppgave/ros2_ws/install/drone_interfaces/share/drone_interfaces/cmake/export_drone_interfaces__rosidl_typesupport_fastrtps_cExport-noconfig.cmake
[0.725s] -- Up-to-date: /home/royce/prosjektoppgave/ros2_ws/install/drone_interfaces/share/drone_interfaces/cmake/drone_interfaces__rosidl_typesupport_introspection_cExport.cmake
[0.725s] -- Up-to-date: /home/royce/prosjektoppgave/ros2_ws/install/drone_interfaces/share/drone_interfaces/cmake/drone_interfaces__rosidl_typesupport_introspection_cExport-noconfig.cmake
[0.725s] -- Up-to-date: /home/royce/prosjektoppgave/ros2_ws/install/drone_interfaces/share/drone_interfaces/cmake/drone_interfaces__rosidl_typesupport_cExport.cmake
[0.726s] -- Up-to-date: /home/royce/prosjektoppgave/ros2_ws/install/drone_interfaces/share/drone_interfaces/cmake/drone_interfaces__rosidl_typesupport_cExport-noconfig.cmake
[0.726s] -- Up-to-date: /home/royce/prosjektoppgave/ros2_ws/install/drone_interfaces/share/drone_interfaces/cmake/export_drone_interfaces__rosidl_generator_cppExport.cmake
[0.726s] -- Up-to-date: /home/royce/prosjektoppgave/ros2_ws/install/drone_interfaces/share/drone_interfaces/cmake/export_drone_interfaces__rosidl_typesupport_fastrtps_cppExport.cmake
[0.726s] -- Up-to-date: /home/royce/prosjektoppgave/ros2_ws/install/drone_interfaces/share/drone_interfaces/cmake/export_drone_interfaces__rosidl_typesupport_fastrtps_cppExport-noconfig.cmake
[0.726s] -- Up-to-date: /home/royce/prosjektoppgave/ros2_ws/install/drone_interfaces/share/drone_interfaces/cmake/drone_interfaces__rosidl_typesupport_introspection_cppExport.cmake
[0.726s] -- Up-to-date: /home/royce/prosjektoppgave/ros2_ws/install/drone_interfaces/share/drone_interfaces/cmake/drone_interfaces__rosidl_typesupport_introspection_cppExport-noconfig.cmake
[0.726s] -- Up-to-date: /home/royce/prosjektoppgave/ros2_ws/install/drone_interfaces/share/drone_interfaces/cmake/drone_interfaces__rosidl_typesupport_cppExport.cmake
[0.726s] -- Up-to-date: /home/royce/prosjektoppgave/ros2_ws/install/drone_interfaces/share/drone_interfaces/cmake/drone_interfaces__rosidl_typesupport_cppExport-noconfig.cmake
[0.727s] -- Up-to-date: /home/royce/prosjektoppgave/ros2_ws/install/drone_interfaces/share/drone_interfaces/cmake/export_drone_interfaces__rosidl_generator_pyExport.cmake
[0.727s] -- Up-to-date: /home/royce/prosjektoppgave/ros2_ws/install/drone_interfaces/share/drone_interfaces/cmake/export_drone_interfaces__rosidl_generator_pyExport-noconfig.cmake
[0.727s] -- Up-to-date: /home/royce/prosjektoppgave/ros2_ws/install/drone_interfaces/share/drone_interfaces/cmake/rosidl_cmake-extras.cmake
[0.727s] -- Up-to-date: /home/royce/prosjektoppgave/ros2_ws/install/drone_interfaces/share/drone_interfaces/cmake/ament_cmake_export_dependencies-extras.cmake
[0.727s] -- Up-to-date: /home/royce/prosjektoppgave/ros2_ws/install/drone_interfaces/share/drone_interfaces/cmake/ament_cmake_export_include_directories-extras.cmake
[0.727s] -- Up-to-date: /home/royce/prosjektoppgave/ros2_ws/install/drone_interfaces/share/drone_interfaces/cmake/ament_cmake_export_libraries-extras.cmake
[0.727s] -- Up-to-date: /home/royce/prosjektoppgave/ros2_ws/install/drone_interfaces/share/drone_interfaces/cmake/ament_cmake_export_targets-extras.cmake
[0.727s] -- Up-to-date: /home/royce/prosjektoppgave/ros2_ws/install/drone_interfaces/share/drone_interfaces/cmake/rosidl_cmake_export_typesupport_targets-extras.cmake
[0.728s] -- Up-to-date: /home/royce/prosjektoppgave/ros2_ws/install/drone_interfaces/share/drone_interfaces/cmake/rosidl_cmake_export_typesupport_libraries-extras.cmake
[0.728s] -- Up-to-date: /home/royce/prosjektoppgave/ros2_ws/install/drone_interfaces/share/drone_interfaces/cmake/drone_interfacesConfig.cmake
[0.729s] -- Up-to-date: /home/royce/prosjektoppgave/ros2_ws/install/drone_interfaces/share/drone_interfaces/cmake/drone_interfacesConfig-version.cmake
[0.729s] -- Up-to-date: /home/royce/prosjektoppgave/ros2_ws/install/drone_interfaces/share/drone_interfaces/package.xml
[0.730s] Invoked command in '/home/royce/prosjektoppgave/ros2_ws/build/drone_interfaces' returned '0': CMAKE_PREFIX_PATH=/opt/ros/humble /usr/bin/cmake --install /home/royce/prosjektoppgave/ros2_ws/build/drone_interfaces
