[0.015s] Invoking command in '/home/royce/prosjektoppgave/ros2_ws/build/drone_interfaces': CMAKE_PREFIX_PATH=${CMAKE_PREFIX_PATH}:/opt/ros/humble /usr/bin/cmake --build /home/royce/prosjektoppgave/ros2_ws/build/drone_interfaces -- -j8 -l8
[0.041s] -- Found ament_cmake: 1.3.2 (/opt/ros/humble/share/ament_cmake/cmake)
[0.176s] -- Found rosidl_default_generators: 1.2.0 (/opt/ros/humble/share/rosidl_default_generators/cmake)
[0.178s] -- Using all available rosidl_typesupport_c: rosidl_typesupport_fastrtps_c;rosidl_typesupport_introspection_c
[0.181s] -- Found rosidl_adapter: 3.1.3 (/opt/ros/humble/share/rosidl_adapter/cmake)
[0.209s] -- Using all available rosidl_typesupport_cpp: rosidl_typesupport_fastrtps_cpp;rosidl_typesupport_introspection_cpp
[0.557s] -- Found ament_cmake_ros: 0.10.0 (/opt/ros/humble/share/ament_cmake_ros/cmake)
[0.746s] -- Using all available rosidl_typesupport_c: rosidl_typesupport_fastrtps_c;rosidl_typesupport_introspection_c
[0.973s] -- Using all available rosidl_typesupport_cpp: rosidl_typesupport_fastrtps_cpp;rosidl_typesupport_introspection_cpp
[0.993s] -- Found python_cmake_module: 0.10.0 (/opt/ros/humble/share/python_cmake_module/cmake)
[1.020s] -- Using PYTHON_EXECUTABLE: /usr/bin/python3
[1.020s] -- Using PYTHON_INCLUDE_DIRS: /usr/include/python3.10
[1.020s] -- Using PYTHON_LIBRARIES: /usr/lib/x86_64-linux-gnu/libpython3.10.so
[1.037s] -- Found ament_lint_auto: 0.12.4 (/opt/ros/humble/share/ament_lint_auto/cmake)
[1.045s] -- Added test 'flake8' to check Python code syntax and style conventions
[1.046s] -- Added test 'lint_cmake' to check CMake code style
[1.046s] -- Added test 'pep257' to check Python code against some of the docstring style conventions in PEP 257
[1.047s] -- Added test 'xmllint' to check XML markup files
[1.048s] -- Configuring done
[1.078s] -- Generating done
[1.081s] -- Build files have been written to: /home/royce/prosjektoppgave/ros2_ws/build/drone_interfaces
[1.106s] [  3%] [34m[1mGenerating C code for ROS interfaces[0m
[1.116s] [  6%] [34m[1mGenerating C++ code for ROS interfaces[0m
[1.126s] [  6%] Built target ament_cmake_python_copy_drone_interfaces
[1.378s] running egg_info
[1.379s] writing drone_interfaces.egg-info/PKG-INFO
[1.379s] writing dependency_links to drone_interfaces.egg-info/dependency_links.txt
[1.379s] writing top-level names to drone_interfaces.egg-info/top_level.txt
[1.381s] reading manifest file 'drone_interfaces.egg-info/SOURCES.txt'
[1.381s] writing manifest file 'drone_interfaces.egg-info/SOURCES.txt'
[1.409s] [  6%] Built target ament_cmake_python_build_drone_interfaces_egg
[1.538s] [35m[1mConsolidate compiler generated dependencies of target drone_interfaces__rosidl_generator_c[0m
[1.547s] [  9%] [32mBuilding C object CMakeFiles/drone_interfaces__rosidl_generator_c.dir/rosidl_generator_c/drone_interfaces/action/detail/drone__functions.c.o[0m
[1.548s] [  9%] Built target drone_interfaces__cpp
[1.555s] [ 19%] [34m[1mGenerating C++ type support for eProsima Fast-RTPS[0m
[1.555s] [ 19%] [34m[1mGenerating C++ introspection for ROS interfaces[0m
[1.556s] [ 19%] [34m[1mGenerating C++ type support dispatch for ROS interfaces[0m
[1.676s] [ 22%] [32m[1mLinking C shared library libdrone_interfaces__rosidl_generator_c.so[0m
[1.707s] [ 22%] Built target drone_interfaces__rosidl_generator_c
[1.721s] [ 25%] [34m[1mGenerating C introspection for ROS interfaces[0m
[1.721s] [ 32%] [34m[1mGenerating C type support for eProsima Fast-RTPS[0m
[1.722s] [ 32%] [34m[1mGenerating C type support dispatch for ROS interfaces[0m
[1.890s] [35m[1mConsolidate compiler generated dependencies of target drone_interfaces__rosidl_typesupport_introspection_cpp[0m
[1.901s] [ 35%] [32mBuilding CXX object CMakeFiles/drone_interfaces__rosidl_typesupport_introspection_cpp.dir/rosidl_typesupport_introspection_cpp/drone_interfaces/action/detail/drone__type_support.cpp.o[0m
[1.924s] [35m[1mConsolidate compiler generated dependencies of target drone_interfaces__rosidl_typesupport_cpp[0m
[1.942s] [ 38%] [32mBuilding CXX object CMakeFiles/drone_interfaces__rosidl_typesupport_cpp.dir/rosidl_typesupport_cpp/drone_interfaces/action/drone__type_support.cpp.o[0m
[2.065s] [35m[1mConsolidate compiler generated dependencies of target drone_interfaces__rosidl_typesupport_c[0m
[2.075s] [ 41%] [32mBuilding CXX object CMakeFiles/drone_interfaces__rosidl_typesupport_c.dir/rosidl_typesupport_c/drone_interfaces/action/drone__type_support.cpp.o[0m
[2.085s] [35m[1mConsolidate compiler generated dependencies of target drone_interfaces__rosidl_typesupport_introspection_c[0m
[2.095s] [ 45%] [32mBuilding C object CMakeFiles/drone_interfaces__rosidl_typesupport_introspection_c.dir/rosidl_typesupport_introspection_c/drone_interfaces/action/detail/drone__type_support.c.o[0m
[2.127s] [ 48%] [32m[1mLinking CXX shared library libdrone_interfaces__rosidl_typesupport_c.so[0m
[2.138s] [35m[1mConsolidate compiler generated dependencies of target drone_interfaces__rosidl_typesupport_fastrtps_cpp[0m
[2.153s] [ 51%] [32mBuilding CXX object CMakeFiles/drone_interfaces__rosidl_typesupport_fastrtps_cpp.dir/rosidl_typesupport_fastrtps_cpp/drone_interfaces/action/detail/dds_fastrtps/drone__type_support.cpp.o[0m
[2.160s] [ 54%] [32m[1mLinking C shared library libdrone_interfaces__rosidl_typesupport_introspection_c.so[0m
[2.170s] [ 54%] Built target drone_interfaces__rosidl_typesupport_c
[2.190s] [ 54%] Built target drone_interfaces__rosidl_typesupport_introspection_c
[2.279s] [35m[1mConsolidate compiler generated dependencies of target drone_interfaces__rosidl_typesupport_fastrtps_c[0m
[2.291s] [ 58%] [32mBuilding CXX object CMakeFiles/drone_interfaces__rosidl_typesupport_fastrtps_c.dir/rosidl_typesupport_fastrtps_c/drone_interfaces/action/detail/drone__type_support_c.cpp.o[0m
[2.594s] [ 61%] [32m[1mLinking CXX shared library libdrone_interfaces__rosidl_typesupport_cpp.so[0m
[2.648s] [ 61%] Built target drone_interfaces__rosidl_typesupport_cpp
[2.712s] [ 64%] [32m[1mLinking CXX shared library libdrone_interfaces__rosidl_typesupport_fastrtps_c.so[0m
[2.780s] [ 67%] [32m[1mLinking CXX shared library libdrone_interfaces__rosidl_typesupport_introspection_cpp.so[0m
[2.839s] [ 67%] Built target drone_interfaces__rosidl_typesupport_fastrtps_c
[2.902s] [ 67%] Built target drone_interfaces__rosidl_typesupport_introspection_cpp
[2.930s] [ 70%] [32m[1mLinking CXX shared library libdrone_interfaces__rosidl_typesupport_fastrtps_cpp.so[0m
[3.012s] [ 70%] Built target drone_interfaces__rosidl_typesupport_fastrtps_cpp
[3.035s] [ 70%] Built target drone_interfaces
[3.054s] [ 74%] [34m[1mGenerating Python code for ROS interfaces[0m
[3.806s] [ 74%] Built target drone_interfaces__py
[3.817s] [35m[1mConsolidate compiler generated dependencies of target drone_interfaces__rosidl_generator_py[0m
[3.830s] [ 77%] [32mBuilding C object CMakeFiles/drone_interfaces__rosidl_generator_py.dir/rosidl_generator_py/drone_interfaces/action/_drone_s.c.o[0m
[3.966s] [ 80%] [32m[1mLinking C shared library rosidl_generator_py/drone_interfaces/libdrone_interfaces__rosidl_generator_py.so[0m
[4.000s] [ 80%] Built target drone_interfaces__rosidl_generator_py
[4.008s] [35m[1mConsolidate compiler generated dependencies of target drone_interfaces__rosidl_typesupport_c__pyext[0m
[4.008s] [35m[1mConsolidate compiler generated dependencies of target drone_interfaces__rosidl_typesupport_fastrtps_c__pyext[0m
[4.008s] [35m[1mConsolidate compiler generated dependencies of target drone_interfaces__rosidl_typesupport_introspection_c__pyext[0m
[4.020s] [ 87%] [32mBuilding C object CMakeFiles/drone_interfaces__rosidl_typesupport_introspection_c__pyext.dir/rosidl_generator_py/drone_interfaces/_drone_interfaces_s.ep.rosidl_typesupport_introspection_c.c.o[0m
[4.021s] [ 87%] [32mBuilding C object CMakeFiles/drone_interfaces__rosidl_typesupport_fastrtps_c__pyext.dir/rosidl_generator_py/drone_interfaces/_drone_interfaces_s.ep.rosidl_typesupport_fastrtps_c.c.o[0m
[4.021s] [ 90%] [32mBuilding C object CMakeFiles/drone_interfaces__rosidl_typesupport_c__pyext.dir/rosidl_generator_py/drone_interfaces/_drone_interfaces_s.ep.rosidl_typesupport_c.c.o[0m
[4.138s] [ 93%] [32m[1mLinking C shared library rosidl_generator_py/drone_interfaces/drone_interfaces_s__rosidl_typesupport_introspection_c.cpython-310-x86_64-linux-gnu.so[0m
[4.138s] [100%] [32m[1mLinking C shared library rosidl_generator_py/drone_interfaces/drone_interfaces_s__rosidl_typesupport_fastrtps_c.cpython-310-x86_64-linux-gnu.so[0m
[4.139s] [100%] [32m[1mLinking C shared library rosidl_generator_py/drone_interfaces/drone_interfaces_s__rosidl_typesupport_c.cpython-310-x86_64-linux-gnu.so[0m
[4.173s] [100%] Built target drone_interfaces__rosidl_typesupport_introspection_c__pyext
[4.173s] [100%] Built target drone_interfaces__rosidl_typesupport_c__pyext
[4.173s] [100%] Built target drone_interfaces__rosidl_typesupport_fastrtps_c__pyext
[4.181s] Invoked command in '/home/royce/prosjektoppgave/ros2_ws/build/drone_interfaces' returned '0': CMAKE_PREFIX_PATH=${CMAKE_PREFIX_PATH}:/opt/ros/humble /usr/bin/cmake --build /home/royce/prosjektoppgave/ros2_ws/build/drone_interfaces -- -j8 -l8
[4.236s] Invoking command in '/home/royce/prosjektoppgave/ros2_ws/build/drone_interfaces': CMAKE_PREFIX_PATH=${CMAKE_PREFIX_PATH}:/opt/ros/humble /usr/bin/cmake --install /home/royce/prosjektoppgave/ros2_ws/build/drone_interfaces
[4.241s] -- Install configuration: ""
[4.242s] -- Up-to-date: /home/royce/prosjektoppgave/ros2_ws/install/drone_interfaces/share/ament_index/resource_index/rosidl_interfaces/drone_interfaces
[4.242s] -- Up-to-date: /home/royce/prosjektoppgave/ros2_ws/install/drone_interfaces/include/drone_interfaces/drone_interfaces
[4.242s] -- Up-to-date: /home/royce/prosjektoppgave/ros2_ws/install/drone_interfaces/include/drone_interfaces/drone_interfaces/msg
[4.242s] -- Up-to-date: /home/royce/prosjektoppgave/ros2_ws/install/drone_interfaces/include/drone_interfaces/drone_interfaces/msg/rosidl_generator_c__visibility_control.h
[4.242s] -- Up-to-date: /home/royce/prosjektoppgave/ros2_ws/install/drone_interfaces/include/drone_interfaces/drone_interfaces/action
[4.242s] -- Up-to-date: /home/royce/prosjektoppgave/ros2_ws/install/drone_interfaces/include/drone_interfaces/drone_interfaces/action/detail
[4.242s] -- Installing: /home/royce/prosjektoppgave/ros2_ws/install/drone_interfaces/include/drone_interfaces/drone_interfaces/action/detail/drone__functions.c
[4.242s] -- Installing: /home/royce/prosjektoppgave/ros2_ws/install/drone_interfaces/include/drone_interfaces/drone_interfaces/action/detail/drone__struct.h
[4.242s] -- Installing: /home/royce/prosjektoppgave/ros2_ws/install/drone_interfaces/include/drone_interfaces/drone_interfaces/action/detail/drone__functions.h
[4.242s] -- Installing: /home/royce/prosjektoppgave/ros2_ws/install/drone_interfaces/include/drone_interfaces/drone_interfaces/action/detail/drone__type_support.h
[4.243s] -- Installing: /home/royce/prosjektoppgave/ros2_ws/install/drone_interfaces/include/drone_interfaces/drone_interfaces/action/drone.h
[4.243s] -- Up-to-date: /home/royce/prosjektoppgave/ros2_ws/install/drone_interfaces/share/drone_interfaces/environment/library_path.sh
[4.243s] -- Installing: /home/royce/prosjektoppgave/ros2_ws/install/drone_interfaces/share/drone_interfaces/environment/library_path.dsv
[4.243s] -- Installing: /home/royce/prosjektoppgave/ros2_ws/install/drone_interfaces/lib/libdrone_interfaces__rosidl_generator_c.so
[4.244s] -- Set runtime path of "/home/royce/prosjektoppgave/ros2_ws/install/drone_interfaces/lib/libdrone_interfaces__rosidl_generator_c.so" to ""
[4.244s] -- Up-to-date: /home/royce/prosjektoppgave/ros2_ws/install/drone_interfaces/include/drone_interfaces/drone_interfaces
[4.244s] -- Up-to-date: /home/royce/prosjektoppgave/ros2_ws/install/drone_interfaces/include/drone_interfaces/drone_interfaces/msg
[4.244s] -- Up-to-date: /home/royce/prosjektoppgave/ros2_ws/install/drone_interfaces/include/drone_interfaces/drone_interfaces/msg/rosidl_typesupport_fastrtps_c__visibility_control.h
[4.244s] -- Up-to-date: /home/royce/prosjektoppgave/ros2_ws/install/drone_interfaces/include/drone_interfaces/drone_interfaces/action
[4.244s] -- Up-to-date: /home/royce/prosjektoppgave/ros2_ws/install/drone_interfaces/include/drone_interfaces/drone_interfaces/action/detail
[4.244s] -- Installing: /home/royce/prosjektoppgave/ros2_ws/install/drone_interfaces/include/drone_interfaces/drone_interfaces/action/detail/drone__rosidl_typesupport_fastrtps_c.h
[4.244s] -- Installing: /home/royce/prosjektoppgave/ros2_ws/install/drone_interfaces/lib/libdrone_interfaces__rosidl_typesupport_fastrtps_c.so
[4.245s] -- Set runtime path of "/home/royce/prosjektoppgave/ros2_ws/install/drone_interfaces/lib/libdrone_interfaces__rosidl_typesupport_fastrtps_c.so" to ""
[4.245s] -- Up-to-date: /home/royce/prosjektoppgave/ros2_ws/install/drone_interfaces/include/drone_interfaces/drone_interfaces
[4.245s] -- Up-to-date: /home/royce/prosjektoppgave/ros2_ws/install/drone_interfaces/include/drone_interfaces/drone_interfaces/msg
[4.245s] -- Up-to-date: /home/royce/prosjektoppgave/ros2_ws/install/drone_interfaces/include/drone_interfaces/drone_interfaces/msg/rosidl_typesupport_introspection_c__visibility_control.h
[4.245s] -- Up-to-date: /home/royce/prosjektoppgave/ros2_ws/install/drone_interfaces/include/drone_interfaces/drone_interfaces/action
[4.245s] -- Up-to-date: /home/royce/prosjektoppgave/ros2_ws/install/drone_interfaces/include/drone_interfaces/drone_interfaces/action/detail
[4.245s] -- Installing: /home/royce/prosjektoppgave/ros2_ws/install/drone_interfaces/include/drone_interfaces/drone_interfaces/action/detail/drone__type_support.c
[4.245s] -- Installing: /home/royce/prosjektoppgave/ros2_ws/install/drone_interfaces/include/drone_interfaces/drone_interfaces/action/detail/drone__rosidl_typesupport_introspection_c.h
[4.246s] -- Installing: /home/royce/prosjektoppgave/ros2_ws/install/drone_interfaces/lib/libdrone_interfaces__rosidl_typesupport_introspection_c.so
[4.246s] -- Set runtime path of "/home/royce/prosjektoppgave/ros2_ws/install/drone_interfaces/lib/libdrone_interfaces__rosidl_typesupport_introspection_c.so" to ""
[4.246s] -- Installing: /home/royce/prosjektoppgave/ros2_ws/install/drone_interfaces/lib/libdrone_interfaces__rosidl_typesupport_c.so
[4.247s] -- Set runtime path of "/home/royce/prosjektoppgave/ros2_ws/install/drone_interfaces/lib/libdrone_interfaces__rosidl_typesupport_c.so" to ""
[4.247s] -- Up-to-date: /home/royce/prosjektoppgave/ros2_ws/install/drone_interfaces/include/drone_interfaces/drone_interfaces
[4.247s] -- Up-to-date: /home/royce/prosjektoppgave/ros2_ws/install/drone_interfaces/include/drone_interfaces/drone_interfaces/action
[4.247s] -- Up-to-date: /home/royce/prosjektoppgave/ros2_ws/install/drone_interfaces/include/drone_interfaces/drone_interfaces/action/detail
[4.247s] -- Installing: /home/royce/prosjektoppgave/ros2_ws/install/drone_interfaces/include/drone_interfaces/drone_interfaces/action/detail/drone__struct.hpp
[4.247s] -- Installing: /home/royce/prosjektoppgave/ros2_ws/install/drone_interfaces/include/drone_interfaces/drone_interfaces/action/detail/drone__traits.hpp
[4.247s] -- Installing: /home/royce/prosjektoppgave/ros2_ws/install/drone_interfaces/include/drone_interfaces/drone_interfaces/action/detail/drone__builder.hpp
[4.247s] -- Installing: /home/royce/prosjektoppgave/ros2_ws/install/drone_interfaces/include/drone_interfaces/drone_interfaces/action/drone.hpp
[4.248s] -- Up-to-date: /home/royce/prosjektoppgave/ros2_ws/install/drone_interfaces/include/drone_interfaces/drone_interfaces
[4.248s] -- Up-to-date: /home/royce/prosjektoppgave/ros2_ws/install/drone_interfaces/include/drone_interfaces/drone_interfaces/msg
[4.248s] -- Up-to-date: /home/royce/prosjektoppgave/ros2_ws/install/drone_interfaces/include/drone_interfaces/drone_interfaces/msg/rosidl_typesupport_fastrtps_cpp__visibility_control.h
[4.248s] -- Up-to-date: /home/royce/prosjektoppgave/ros2_ws/install/drone_interfaces/include/drone_interfaces/drone_interfaces/action
[4.248s] -- Up-to-date: /home/royce/prosjektoppgave/ros2_ws/install/drone_interfaces/include/drone_interfaces/drone_interfaces/action/detail
[4.248s] -- Installing: /home/royce/prosjektoppgave/ros2_ws/install/drone_interfaces/include/drone_interfaces/drone_interfaces/action/detail/drone__rosidl_typesupport_fastrtps_cpp.hpp
[4.248s] -- Up-to-date: /home/royce/prosjektoppgave/ros2_ws/install/drone_interfaces/include/drone_interfaces/drone_interfaces/action/detail/dds_fastrtps
[4.248s] -- Installing: /home/royce/prosjektoppgave/ros2_ws/install/drone_interfaces/lib/libdrone_interfaces__rosidl_typesupport_fastrtps_cpp.so
[4.249s] -- Set runtime path of "/home/royce/prosjektoppgave/ros2_ws/install/drone_interfaces/lib/libdrone_interfaces__rosidl_typesupport_fastrtps_cpp.so" to ""
[4.249s] -- Up-to-date: /home/royce/prosjektoppgave/ros2_ws/install/drone_interfaces/include/drone_interfaces/drone_interfaces
[4.249s] -- Up-to-date: /home/royce/prosjektoppgave/ros2_ws/install/drone_interfaces/include/drone_interfaces/drone_interfaces/action
[4.249s] -- Up-to-date: /home/royce/prosjektoppgave/ros2_ws/install/drone_interfaces/include/drone_interfaces/drone_interfaces/action/detail
[4.249s] -- Installing: /home/royce/prosjektoppgave/ros2_ws/install/drone_interfaces/include/drone_interfaces/drone_interfaces/action/detail/drone__rosidl_typesupport_introspection_cpp.hpp
[4.249s] -- Installing: /home/royce/prosjektoppgave/ros2_ws/install/drone_interfaces/include/drone_interfaces/drone_interfaces/action/detail/drone__type_support.cpp
[4.250s] -- Installing: /home/royce/prosjektoppgave/ros2_ws/install/drone_interfaces/lib/libdrone_interfaces__rosidl_typesupport_introspection_cpp.so
[4.250s] -- Set runtime path of "/home/royce/prosjektoppgave/ros2_ws/install/drone_interfaces/lib/libdrone_interfaces__rosidl_typesupport_introspection_cpp.so" to ""
[4.250s] -- Installing: /home/royce/prosjektoppgave/ros2_ws/install/drone_interfaces/lib/libdrone_interfaces__rosidl_typesupport_cpp.so
[4.251s] -- Set runtime path of "/home/royce/prosjektoppgave/ros2_ws/install/drone_interfaces/lib/libdrone_interfaces__rosidl_typesupport_cpp.so" to ""
[4.251s] -- Up-to-date: /home/royce/prosjektoppgave/ros2_ws/install/drone_interfaces/share/drone_interfaces/environment/pythonpath.sh
[4.251s] -- Installing: /home/royce/prosjektoppgave/ros2_ws/install/drone_interfaces/share/drone_interfaces/environment/pythonpath.dsv
[4.251s] -- Up-to-date: /home/royce/prosjektoppgave/ros2_ws/install/drone_interfaces/local/lib/python3.10/dist-packages/drone_interfaces-0.0.0-py3.10.egg-info
[4.251s] -- Installing: /home/royce/prosjektoppgave/ros2_ws/install/drone_interfaces/local/lib/python3.10/dist-packages/drone_interfaces-0.0.0-py3.10.egg-info/SOURCES.txt
[4.251s] -- Installing: /home/royce/prosjektoppgave/ros2_ws/install/drone_interfaces/local/lib/python3.10/dist-packages/drone_interfaces-0.0.0-py3.10.egg-info/top_level.txt
[4.251s] -- Installing: /home/royce/prosjektoppgave/ros2_ws/install/drone_interfaces/local/lib/python3.10/dist-packages/drone_interfaces-0.0.0-py3.10.egg-info/dependency_links.txt
[4.251s] -- Installing: /home/royce/prosjektoppgave/ros2_ws/install/drone_interfaces/local/lib/python3.10/dist-packages/drone_interfaces-0.0.0-py3.10.egg-info/PKG-INFO
[4.252s] -- Up-to-date: /home/royce/prosjektoppgave/ros2_ws/install/drone_interfaces/local/lib/python3.10/dist-packages/drone_interfaces
[4.252s] -- Installing: /home/royce/prosjektoppgave/ros2_ws/install/drone_interfaces/local/lib/python3.10/dist-packages/drone_interfaces/_drone_interfaces_s.ep.rosidl_typesupport_c.c
[4.252s] -- Installing: /home/royce/prosjektoppgave/ros2_ws/install/drone_interfaces/local/lib/python3.10/dist-packages/drone_interfaces/_drone_interfaces_s.ep.rosidl_typesupport_fastrtps_c.c
[4.252s] -- Installing: /home/royce/prosjektoppgave/ros2_ws/install/drone_interfaces/local/lib/python3.10/dist-packages/drone_interfaces/drone_interfaces_s__rosidl_typesupport_fastrtps_c.cpython-310-x86_64-linux-gnu.so
[4.252s] -- Installing: /home/royce/prosjektoppgave/ros2_ws/install/drone_interfaces/local/lib/python3.10/dist-packages/drone_interfaces/drone_interfaces_s__rosidl_typesupport_introspection_c.cpython-310-x86_64-linux-gnu.so
[4.253s] -- Installing: /home/royce/prosjektoppgave/ros2_ws/install/drone_interfaces/local/lib/python3.10/dist-packages/drone_interfaces/__init__.py
[4.253s] -- Up-to-date: /home/royce/prosjektoppgave/ros2_ws/install/drone_interfaces/local/lib/python3.10/dist-packages/drone_interfaces/action
[4.253s] -- Installing: /home/royce/prosjektoppgave/ros2_ws/install/drone_interfaces/local/lib/python3.10/dist-packages/drone_interfaces/action/_drone.py
[4.253s] -- Installing: /home/royce/prosjektoppgave/ros2_ws/install/drone_interfaces/local/lib/python3.10/dist-packages/drone_interfaces/action/__init__.py
[4.253s] -- Installing: /home/royce/prosjektoppgave/ros2_ws/install/drone_interfaces/local/lib/python3.10/dist-packages/drone_interfaces/action/_drone_s.c
[4.253s] -- Installing: /home/royce/prosjektoppgave/ros2_ws/install/drone_interfaces/local/lib/python3.10/dist-packages/drone_interfaces/drone_interfaces_s__rosidl_typesupport_c.cpython-310-x86_64-linux-gnu.so
[4.253s] -- Installing: /home/royce/prosjektoppgave/ros2_ws/install/drone_interfaces/local/lib/python3.10/dist-packages/drone_interfaces/libdrone_interfaces__rosidl_generator_py.so
[4.254s] -- Installing: /home/royce/prosjektoppgave/ros2_ws/install/drone_interfaces/local/lib/python3.10/dist-packages/drone_interfaces/_drone_interfaces_s.ep.rosidl_typesupport_introspection_c.c
[4.286s] Listing '/home/royce/prosjektoppgave/ros2_ws/install/drone_interfaces/local/lib/python3.10/dist-packages/drone_interfaces'...
[4.286s] Compiling '/home/royce/prosjektoppgave/ros2_ws/install/drone_interfaces/local/lib/python3.10/dist-packages/drone_interfaces/__init__.py'...
[4.287s] Listing '/home/royce/prosjektoppgave/ros2_ws/install/drone_interfaces/local/lib/python3.10/dist-packages/drone_interfaces/action'...
[4.287s] Compiling '/home/royce/prosjektoppgave/ros2_ws/install/drone_interfaces/local/lib/python3.10/dist-packages/drone_interfaces/action/__init__.py'...
[4.287s] Compiling '/home/royce/prosjektoppgave/ros2_ws/install/drone_interfaces/local/lib/python3.10/dist-packages/drone_interfaces/action/_drone.py'...
[4.291s] -- Installing: /home/royce/prosjektoppgave/ros2_ws/install/drone_interfaces/local/lib/python3.10/dist-packages/drone_interfaces/drone_interfaces_s__rosidl_typesupport_fastrtps_c.cpython-310-x86_64-linux-gnu.so
[4.291s] -- Set runtime path of "/home/royce/prosjektoppgave/ros2_ws/install/drone_interfaces/local/lib/python3.10/dist-packages/drone_interfaces/drone_interfaces_s__rosidl_typesupport_fastrtps_c.cpython-310-x86_64-linux-gnu.so" to ""
[4.291s] -- Installing: /home/royce/prosjektoppgave/ros2_ws/install/drone_interfaces/local/lib/python3.10/dist-packages/drone_interfaces/drone_interfaces_s__rosidl_typesupport_introspection_c.cpython-310-x86_64-linux-gnu.so
[4.292s] -- Set runtime path of "/home/royce/prosjektoppgave/ros2_ws/install/drone_interfaces/local/lib/python3.10/dist-packages/drone_interfaces/drone_interfaces_s__rosidl_typesupport_introspection_c.cpython-310-x86_64-linux-gnu.so" to ""
[4.292s] -- Installing: /home/royce/prosjektoppgave/ros2_ws/install/drone_interfaces/local/lib/python3.10/dist-packages/drone_interfaces/drone_interfaces_s__rosidl_typesupport_c.cpython-310-x86_64-linux-gnu.so
[4.292s] -- Set runtime path of "/home/royce/prosjektoppgave/ros2_ws/install/drone_interfaces/local/lib/python3.10/dist-packages/drone_interfaces/drone_interfaces_s__rosidl_typesupport_c.cpython-310-x86_64-linux-gnu.so" to ""
[4.292s] -- Installing: /home/royce/prosjektoppgave/ros2_ws/install/drone_interfaces/lib/libdrone_interfaces__rosidl_generator_py.so
[4.293s] -- Set runtime path of "/home/royce/prosjektoppgave/ros2_ws/install/drone_interfaces/lib/libdrone_interfaces__rosidl_generator_py.so" to ""
[4.293s] -- Installing: /home/royce/prosjektoppgave/ros2_ws/install/drone_interfaces/share/drone_interfaces/action/Drone.idl
[4.293s] -- Installing: /home/royce/prosjektoppgave/ros2_ws/install/drone_interfaces/share/drone_interfaces/action/Drone.action
[4.293s] -- Up-to-date: /home/royce/prosjektoppgave/ros2_ws/install/drone_interfaces/share/ament_index/resource_index/package_run_dependencies/drone_interfaces
[4.293s] -- Up-to-date: /home/royce/prosjektoppgave/ros2_ws/install/drone_interfaces/share/ament_index/resource_index/parent_prefix_path/drone_interfaces
[4.294s] -- Up-to-date: /home/royce/prosjektoppgave/ros2_ws/install/drone_interfaces/share/drone_interfaces/environment/ament_prefix_path.sh
[4.294s] -- Installing: /home/royce/prosjektoppgave/ros2_ws/install/drone_interfaces/share/drone_interfaces/environment/ament_prefix_path.dsv
[4.294s] -- Up-to-date: /home/royce/prosjektoppgave/ros2_ws/install/drone_interfaces/share/drone_interfaces/environment/path.sh
[4.294s] -- Installing: /home/royce/prosjektoppgave/ros2_ws/install/drone_interfaces/share/drone_interfaces/environment/path.dsv
[4.294s] -- Up-to-date: /home/royce/prosjektoppgave/ros2_ws/install/drone_interfaces/share/drone_interfaces/local_setup.bash
[4.294s] -- Up-to-date: /home/royce/prosjektoppgave/ros2_ws/install/drone_interfaces/share/drone_interfaces/local_setup.sh
[4.294s] -- Up-to-date: /home/royce/prosjektoppgave/ros2_ws/install/drone_interfaces/share/drone_interfaces/local_setup.zsh
[4.294s] -- Installing: /home/royce/prosjektoppgave/ros2_ws/install/drone_interfaces/share/drone_interfaces/local_setup.dsv
[4.294s] -- Installing: /home/royce/prosjektoppgave/ros2_ws/install/drone_interfaces/share/drone_interfaces/package.dsv
[4.294s] -- Up-to-date: /home/royce/prosjektoppgave/ros2_ws/install/drone_interfaces/share/ament_index/resource_index/packages/drone_interfaces
[4.294s] -- Up-to-date: /home/royce/prosjektoppgave/ros2_ws/install/drone_interfaces/share/drone_interfaces/cmake/export_drone_interfaces__rosidl_generator_cExport.cmake
[4.295s] -- Up-to-date: /home/royce/prosjektoppgave/ros2_ws/install/drone_interfaces/share/drone_interfaces/cmake/export_drone_interfaces__rosidl_generator_cExport-noconfig.cmake
[4.295s] -- Up-to-date: /home/royce/prosjektoppgave/ros2_ws/install/drone_interfaces/share/drone_interfaces/cmake/export_drone_interfaces__rosidl_typesupport_fastrtps_cExport.cmake
[4.295s] -- Up-to-date: /home/royce/prosjektoppgave/ros2_ws/install/drone_interfaces/share/drone_interfaces/cmake/export_drone_interfaces__rosidl_typesupport_fastrtps_cExport-noconfig.cmake
[4.295s] -- Up-to-date: /home/royce/prosjektoppgave/ros2_ws/install/drone_interfaces/share/drone_interfaces/cmake/drone_interfaces__rosidl_typesupport_introspection_cExport.cmake
[4.295s] -- Up-to-date: /home/royce/prosjektoppgave/ros2_ws/install/drone_interfaces/share/drone_interfaces/cmake/drone_interfaces__rosidl_typesupport_introspection_cExport-noconfig.cmake
[4.295s] -- Up-to-date: /home/royce/prosjektoppgave/ros2_ws/install/drone_interfaces/share/drone_interfaces/cmake/drone_interfaces__rosidl_typesupport_cExport.cmake
[4.295s] -- Up-to-date: /home/royce/prosjektoppgave/ros2_ws/install/drone_interfaces/share/drone_interfaces/cmake/drone_interfaces__rosidl_typesupport_cExport-noconfig.cmake
[4.295s] -- Up-to-date: /home/royce/prosjektoppgave/ros2_ws/install/drone_interfaces/share/drone_interfaces/cmake/export_drone_interfaces__rosidl_generator_cppExport.cmake
[4.295s] -- Up-to-date: /home/royce/prosjektoppgave/ros2_ws/install/drone_interfaces/share/drone_interfaces/cmake/export_drone_interfaces__rosidl_typesupport_fastrtps_cppExport.cmake
[4.295s] -- Up-to-date: /home/royce/prosjektoppgave/ros2_ws/install/drone_interfaces/share/drone_interfaces/cmake/export_drone_interfaces__rosidl_typesupport_fastrtps_cppExport-noconfig.cmake
[4.296s] -- Up-to-date: /home/royce/prosjektoppgave/ros2_ws/install/drone_interfaces/share/drone_interfaces/cmake/drone_interfaces__rosidl_typesupport_introspection_cppExport.cmake
[4.296s] -- Up-to-date: /home/royce/prosjektoppgave/ros2_ws/install/drone_interfaces/share/drone_interfaces/cmake/drone_interfaces__rosidl_typesupport_introspection_cppExport-noconfig.cmake
[4.296s] -- Up-to-date: /home/royce/prosjektoppgave/ros2_ws/install/drone_interfaces/share/drone_interfaces/cmake/drone_interfaces__rosidl_typesupport_cppExport.cmake
[4.296s] -- Up-to-date: /home/royce/prosjektoppgave/ros2_ws/install/drone_interfaces/share/drone_interfaces/cmake/drone_interfaces__rosidl_typesupport_cppExport-noconfig.cmake
[4.296s] -- Up-to-date: /home/royce/prosjektoppgave/ros2_ws/install/drone_interfaces/share/drone_interfaces/cmake/export_drone_interfaces__rosidl_generator_pyExport.cmake
[4.296s] -- Up-to-date: /home/royce/prosjektoppgave/ros2_ws/install/drone_interfaces/share/drone_interfaces/cmake/export_drone_interfaces__rosidl_generator_pyExport-noconfig.cmake
[4.296s] -- Up-to-date: /home/royce/prosjektoppgave/ros2_ws/install/drone_interfaces/share/drone_interfaces/cmake/rosidl_cmake-extras.cmake
[4.296s] -- Up-to-date: /home/royce/prosjektoppgave/ros2_ws/install/drone_interfaces/share/drone_interfaces/cmake/ament_cmake_export_dependencies-extras.cmake
[4.296s] -- Up-to-date: /home/royce/prosjektoppgave/ros2_ws/install/drone_interfaces/share/drone_interfaces/cmake/ament_cmake_export_include_directories-extras.cmake
[4.297s] -- Up-to-date: /home/royce/prosjektoppgave/ros2_ws/install/drone_interfaces/share/drone_interfaces/cmake/ament_cmake_export_libraries-extras.cmake
[4.297s] -- Up-to-date: /home/royce/prosjektoppgave/ros2_ws/install/drone_interfaces/share/drone_interfaces/cmake/ament_cmake_export_targets-extras.cmake
[4.297s] -- Up-to-date: /home/royce/prosjektoppgave/ros2_ws/install/drone_interfaces/share/drone_interfaces/cmake/rosidl_cmake_export_typesupport_targets-extras.cmake
[4.297s] -- Up-to-date: /home/royce/prosjektoppgave/ros2_ws/install/drone_interfaces/share/drone_interfaces/cmake/rosidl_cmake_export_typesupport_libraries-extras.cmake
[4.297s] -- Up-to-date: /home/royce/prosjektoppgave/ros2_ws/install/drone_interfaces/share/drone_interfaces/cmake/drone_interfacesConfig.cmake
[4.297s] -- Up-to-date: /home/royce/prosjektoppgave/ros2_ws/install/drone_interfaces/share/drone_interfaces/cmake/drone_interfacesConfig-version.cmake
[4.297s] -- Up-to-date: /home/royce/prosjektoppgave/ros2_ws/install/drone_interfaces/share/drone_interfaces/package.xml
[4.299s] Invoked command in '/home/royce/prosjektoppgave/ros2_ws/build/drone_interfaces' returned '0': CMAKE_PREFIX_PATH=${CMAKE_PREFIX_PATH}:/opt/ros/humble /usr/bin/cmake --install /home/royce/prosjektoppgave/ros2_ws/build/drone_interfaces
